[INFO  12:26:12] Start training with parametrization:
{
    "dataset": {
        "name": "split_mnist",
        "kwargs": {
            "batch_size": 100,
            "shuffle_tasks": false
        }
    },
    "criterion": "BCE",
    "cl_method": "simple_replay",
    "dimensions": [
        784,
        40,
        40,
        2
    ],
    "epochs": 10,
    "learning_rate": 0.01,
    "nonlinearity": "relu",
    "n_replay": 1000,
    "optimizer": "sgd",
    "seed": 1,
    "test_samples": 1,
    "vae_batch_size": 128,
    "vae_epochs": 10,
    "vae_lr": 0.001,
    "vae_n_gaussian": 100,
    "vae_n_hidden": 400,
    "mult_mlp": false,
    "log_dir": "",
    "task": "split_mnist"
}
[INFO  12:26:12] Starting training of task 1
[INFO  12:26:15] epoch 0: train_acc: 0.9644 	 test_acc: 0.9976
[INFO  12:26:17] epoch 1: train_acc: 0.9919 	 test_acc: 0.9991
[INFO  12:26:19] epoch 2: train_acc: 0.9923 	 test_acc: 0.9991
[INFO  12:26:21] epoch 3: train_acc: 0.9926 	 test_acc: 0.9991
[INFO  12:26:24] epoch 4: train_acc: 0.9927 	 test_acc: 0.9991
[INFO  12:26:26] epoch 5: train_acc: 0.9931 	 test_acc: 0.9991
[INFO  12:26:28] epoch 6: train_acc: 0.9932 	 test_acc: 0.9995
[INFO  12:26:31] epoch 7: train_acc: 0.9935 	 test_acc: 0.9995
[INFO  12:26:33] epoch 8: train_acc: 0.9937 	 test_acc: 0.9995
[INFO  12:26:35] epoch 9: train_acc: 0.9937 	 test_acc: 0.9995
[INFO  12:26:37] Task accuracies: {
    "task1": 0.9995271867612293,
    "task2": 0.48334965719882467,
    "task3": 0.4407684098185699,
    "task4": 0.6032225579053374,
    "task5": 0.4205748865355522
}
[INFO  12:26:37] Mean task accuracy: 0.9995
[INFO  12:26:37] Update replay buffer for simple replay.
[INFO  12:26:37] size of replay buffer: 1000
[INFO  12:26:37] Starting training of task 2
[INFO  12:26:41] epoch 0: train_acc: 0.5062 	 test_acc: 0.4941
[INFO  12:26:45] epoch 1: train_acc: 0.5036 	 test_acc: 0.4941
[INFO  12:26:49] epoch 2: train_acc: 0.5038 	 test_acc: 0.4941
[INFO  12:26:53] epoch 3: train_acc: 0.5041 	 test_acc: 0.4941
[INFO  12:26:57] epoch 4: train_acc: 0.5039 	 test_acc: 0.4941
[INFO  12:27:01] epoch 5: train_acc: 0.5037 	 test_acc: 0.4941
[INFO  12:27:06] epoch 6: train_acc: 0.5019 	 test_acc: 0.4941
[INFO  12:27:10] epoch 7: train_acc: 0.5017 	 test_acc: 0.4941
[INFO  12:27:14] epoch 8: train_acc: 0.5035 	 test_acc: 0.4941
[INFO  12:27:18] epoch 9: train_acc: 0.5038 	 test_acc: 0.4941
[INFO  12:27:20] Task accuracies: {
    "task1": 0.5333333333333333,
    "task2": 0.4941234084231146,
    "task3": 0.47545357524012805,
    "task4": 0.5176233635448136,
    "task5": 0.5088250126071608
}
[INFO  12:27:20] Mean task accuracy: 0.5137
[INFO  12:27:20] Update replay buffer for simple replay.
[INFO  12:27:20] size of replay buffer: 2000
[INFO  12:27:20] Starting training of task 3
[INFO  12:27:24] epoch 0: train_acc: 0.4827 	 test_acc: 0.4755
[INFO  12:27:28] epoch 1: train_acc: 0.4963 	 test_acc: 0.4755
[INFO  12:27:32] epoch 2: train_acc: 0.4950 	 test_acc: 0.5240
[INFO  12:27:36] epoch 3: train_acc: 0.4941 	 test_acc: 0.4755
[INFO  12:27:40] epoch 4: train_acc: 0.4984 	 test_acc: 0.5240
