[INFO  12:47:07] Start training with parametrization:
{
    "dataset": {
        "name": "perm_mnist",
        "kwargs": {
            "batch_size": 100,
            "num_tasks": 10
        }
    },
    "cl_method": "simple_replay",
    "criterion": "cross_entropy",
    "dimensions": [
        784,
        200,
        200,
        10
    ],
    "epochs": 4,
    "learning_rate": 0.001,
    "nonlinearity": "relu",
    "n_replay": 1000,
    "optimizer": "sgd",
    "seed": null,
    "test_samples": 1,
    "vae_batch_size": 128,
    "vae_epochs": 10,
    "vae_lr": 0.001,
    "vae_n_gaussian": 20,
    "vae_n_hidden": 400,
    "mult_mlp": false,
    "log_dir": "",
    "task": "perm_mnist"
}
[INFO  12:47:07] Starting training of task 1
[INFO  12:47:23] epoch 0: train_acc: 0.9109 	 test_acc: 0.9639
[INFO  12:47:40] epoch 1: train_acc: 0.9707 	 test_acc: 0.9751
[INFO  12:47:55] epoch 2: train_acc: 0.9796 	 test_acc: 0.9793
[INFO  12:48:10] epoch 3: train_acc: 0.9851 	 test_acc: 0.9753
[INFO  12:48:35] Task accuracies: {
    "task1": 0.9753,
    "task10": 0.0734,
    "task2": 0.0691,
    "task3": 0.1245,
    "task4": 0.1026,
    "task5": 0.0846,
    "task6": 0.1123,
    "task7": 0.0833,
    "task8": 0.0717,
    "task9": 0.0897
}
[INFO  12:48:35] Mean task accuracy: 0.9753
[INFO  12:48:35] Update replay buffer for simple replay.
[INFO  12:48:35] size of replay buffer: 1000
[INFO  12:48:35] Starting training of task 2
[INFO  12:49:06] epoch 0: train_acc: 0.9344 	 test_acc: 0.9670
[INFO  12:49:35] epoch 1: train_acc: 0.9738 	 test_acc: 0.9741
[INFO  12:50:09] epoch 2: train_acc: 0.9821 	 test_acc: 0.9732
[INFO  12:50:41] epoch 3: train_acc: 0.9869 	 test_acc: 0.9776
[INFO  12:51:11] Task accuracies: {
    "task1": 0.976,
    "task10": 0.0668,
    "task2": 0.9776,
    "task3": 0.0916,
    "task4": 0.1306,
    "task5": 0.1432,
    "task6": 0.1436,
    "task7": 0.097,
    "task8": 0.1157,
    "task9": 0.1421
}
[INFO  12:51:11] Mean task accuracy: 0.9768
[INFO  12:51:11] Update replay buffer for simple replay.
[INFO  12:51:11] size of replay buffer: 2000
[INFO  12:51:12] Starting training of task 3
[INFO  12:51:42] epoch 0: train_acc: 0.9193 	 test_acc: 0.9587
[INFO  12:52:12] epoch 1: train_acc: 0.9693 	 test_acc: 0.9686
[INFO  12:52:45] epoch 2: train_acc: 0.9786 	 test_acc: 0.9754
[INFO  12:53:16] epoch 3: train_acc: 0.9838 	 test_acc: 0.9736
[INFO  12:53:48] Task accuracies: {
    "task1": 0.9655,
    "task10": 0.0804,
    "task2": 0.9652,
    "task3": 0.9736,
    "task4": 0.129,
    "task5": 0.1259,
    "task6": 0.1435,
    "task7": 0.1324,
    "task8": 0.1185,
    "task9": 0.0995
}
[INFO  12:53:48] Mean task accuracy: 0.9681
[INFO  12:53:48] Update replay buffer for simple replay.
[INFO  12:53:48] size of replay buffer: 3000
[INFO  12:53:48] Starting training of task 4
[INFO  12:54:18] epoch 0: train_acc: 0.9159 	 test_acc: 0.9641
[INFO  12:54:48] epoch 1: train_acc: 0.9719 	 test_acc: 0.9719
[INFO  12:55:17] epoch 2: train_acc: 0.9808 	 test_acc: 0.9743
[INFO  12:55:52] epoch 3: train_acc: 0.9858 	 test_acc: 0.9774
[INFO  12:56:22] Task accuracies: {
    "task1": 0.9613,
    "task10": 0.1366,
    "task2": 0.9596,
    "task3": 0.9712,
    "task4": 0.9774,
    "task5": 0.1379,
    "task6": 0.1113,
    "task7": 0.1524,
    "task8": 0.1244,
    "task9": 0.1248
}
[INFO  12:56:22] Mean task accuracy: 0.9674
[INFO  12:56:22] Update replay buffer for simple replay.
[INFO  12:56:22] size of replay buffer: 4000
[INFO  12:56:22] Starting training of task 5
[INFO  12:57:00] epoch 0: train_acc: 0.9196 	 test_acc: 0.9486
[INFO  12:57:37] epoch 1: train_acc: 0.9680 	 test_acc: 0.9691
[INFO  12:58:10] epoch 2: train_acc: 0.9790 	 test_acc: 0.9744
[INFO  12:58:42] epoch 3: train_acc: 0.9853 	 test_acc: 0.9739
[INFO  12:59:10] Task accuracies: {
    "task1": 0.9568,
    "task10": 0.1095,
    "task2": 0.9535,
    "task3": 0.9644,
    "task4": 0.9707,
    "task5": 0.9739,
    "task6": 0.1217,
    "task7": 0.1351,
    "task8": 0.1324,
    "task9": 0.1116
}
[INFO  12:59:10] Mean task accuracy: 0.9639
[INFO  12:59:10] Update replay buffer for simple replay.
[INFO  12:59:10] size of replay buffer: 5000
[INFO  12:59:10] Starting training of task 6
[INFO  12:59:46] epoch 0: train_acc: 0.8932 	 test_acc: 0.9527
[INFO  13:00:17] epoch 1: train_acc: 0.9613 	 test_acc: 0.9669
[INFO  13:00:52] epoch 2: train_acc: 0.9729 	 test_acc: 0.9716
[INFO  13:01:29] epoch 3: train_acc: 0.9795 	 test_acc: 0.9727
[INFO  13:01:56] Task accuracies: {
    "task1": 0.9518,
    "task10": 0.0981,
    "task2": 0.9465,
    "task3": 0.9576,
    "task4": 0.9571,
    "task5": 0.9565,
    "task6": 0.9727,
    "task7": 0.1141,
    "task8": 0.1035,
    "task9": 0.1462
}
[INFO  13:01:56] Mean task accuracy: 0.9570
[INFO  13:01:56] Update replay buffer for simple replay.
[INFO  13:01:56] size of replay buffer: 6000
[INFO  13:01:56] Starting training of task 7
[INFO  13:02:26] epoch 0: train_acc: 0.9169 	 test_acc: 0.9608
[INFO  13:02:57] epoch 1: train_acc: 0.9700 	 test_acc: 0.9709
[INFO  13:03:27] epoch 2: train_acc: 0.9801 	 test_acc: 0.9752
[INFO  13:03:57] epoch 3: train_acc: 0.9856 	 test_acc: 0.9743
[INFO  13:04:24] Task accuracies: {
    "task1": 0.945,
    "task10": 0.103,
    "task2": 0.9381,
    "task3": 0.9519,
    "task4": 0.9515,
    "task5": 0.9536,
    "task6": 0.9679,
    "task7": 0.9743,
    "task8": 0.0961,
    "task9": 0.1132
}
[INFO  13:04:24] Mean task accuracy: 0.9546
[INFO  13:04:24] Update replay buffer for simple replay.
[INFO  13:04:24] size of replay buffer: 7000
[INFO  13:04:25] Starting training of task 8
[INFO  13:04:54] epoch 0: train_acc: 0.9070 	 test_acc: 0.9612
[INFO  13:05:24] epoch 1: train_acc: 0.9666 	 test_acc: 0.9686
[INFO  13:05:54] epoch 2: train_acc: 0.9767 	 test_acc: 0.9739
[INFO  13:06:25] epoch 3: train_acc: 0.9836 	 test_acc: 0.9735
[INFO  13:06:52] Task accuracies: {
    "task1": 0.9407,
    "task10": 0.1156,
    "task2": 0.9363,
    "task3": 0.9524,
    "task4": 0.949,
    "task5": 0.9471,
    "task6": 0.9574,
    "task7": 0.9648,
    "task8": 0.9735,
    "task9": 0.1215
}
[INFO  13:06:52] Mean task accuracy: 0.9526
[INFO  13:06:52] Update replay buffer for simple replay.
[INFO  13:06:52] size of replay buffer: 8000
[INFO  13:06:52] Starting training of task 9
[INFO  13:07:24] epoch 0: train_acc: 0.9107 	 test_acc: 0.9552
[INFO  13:07:55] epoch 1: train_acc: 0.9670 	 test_acc: 0.9642
[INFO  13:08:25] epoch 2: train_acc: 0.9780 	 test_acc: 0.9719
[INFO  13:08:55] epoch 3: train_acc: 0.9843 	 test_acc: 0.9748
[INFO  13:09:22] Task accuracies: {
    "task1": 0.9451,
    "task10": 0.0974,
    "task2": 0.9355,
    "task3": 0.946,
    "task4": 0.9437,
    "task5": 0.9408,
    "task6": 0.9522,
    "task7": 0.9535,
    "task8": 0.9625,
    "task9": 0.9748
}
[INFO  13:09:22] Mean task accuracy: 0.9505
[INFO  13:09:22] Update replay buffer for simple replay.
[INFO  13:09:22] size of replay buffer: 9000
[INFO  13:09:23] Starting training of task 10
[INFO  13:09:55] epoch 0: train_acc: 0.8895 	 test_acc: 0.9568
[INFO  13:10:26] epoch 1: train_acc: 0.9671 	 test_acc: 0.9656
[INFO  13:10:56] epoch 2: train_acc: 0.9771 	 test_acc: 0.9716
[INFO  13:11:27] epoch 3: train_acc: 0.9833 	 test_acc: 0.9745
[INFO  13:11:55] Task accuracies: {
    "task1": 0.9375,
    "task10": 0.9745,
    "task2": 0.9302,
    "task3": 0.9427,
    "task4": 0.9377,
    "task5": 0.9311,
    "task6": 0.9515,
    "task7": 0.9455,
    "task8": 0.9554,
    "task9": 0.9625
}
[INFO  13:11:55] Mean task accuracy: 0.9469
[INFO  13:11:55] Update replay buffer for simple replay.
[INFO  13:11:55] size of replay buffer: 10000
