[INFO  12:12:21] Start training with parametrization:
{
    "dataset": {
        "name": "split_mnist",
        "kwargs": {
            "batch_size": 100,
            "shuffle_tasks": false
        }
    },
    "criterion": "BCE",
    "cl_method": "simple_replay",
    "dimensions": [
        784,
        40,
        40,
        2
    ],
    "epochs": 20,
    "learning_rate": 0.001,
    "nonlinearity": "relu",
    "n_replay": 200,
    "optimizer": "sgd",
    "seed": null,
    "test_samples": 1,
    "vae_batch_size": 100,
    "vae_epochs": 10,
    "vae_lr": 0.001,
    "vae_n_gaussian": 100,
    "vae_n_hidden": 100,
    "log_dir": "",
    "task": "split_mnist"
}
[INFO  12:12:21] Starting training of task 1
[INFO  12:12:24] epoch 0: train_acc: 0.8580 	 test_acc: 0.9863
[INFO  12:12:26] epoch 1: train_acc: 0.9881 	 test_acc: 0.9943
[INFO  12:12:29] epoch 2: train_acc: 0.9904 	 test_acc: 0.9957
[INFO  12:12:32] epoch 3: train_acc: 0.9909 	 test_acc: 0.9962
[INFO  12:12:34] epoch 4: train_acc: 0.9913 	 test_acc: 0.9967
[INFO  12:12:36] epoch 5: train_acc: 0.9916 	 test_acc: 0.9967
[INFO  12:12:39] epoch 6: train_acc: 0.9917 	 test_acc: 0.9976
[INFO  12:12:41] epoch 7: train_acc: 0.9918 	 test_acc: 0.9976
[INFO  12:12:44] epoch 8: train_acc: 0.9920 	 test_acc: 0.9976
[INFO  12:12:46] epoch 9: train_acc: 0.9922 	 test_acc: 0.9976
[INFO  12:12:49] epoch 10: train_acc: 0.9922 	 test_acc: 0.9976
[INFO  12:12:51] epoch 11: train_acc: 0.9922 	 test_acc: 0.9976
[INFO  12:12:54] epoch 12: train_acc: 0.9923 	 test_acc: 0.9976
[INFO  12:12:56] epoch 13: train_acc: 0.9923 	 test_acc: 0.9976
[INFO  12:12:59] epoch 14: train_acc: 0.9923 	 test_acc: 0.9976
[INFO  12:13:01] epoch 15: train_acc: 0.9924 	 test_acc: 0.9976
[INFO  12:13:04] epoch 16: train_acc: 0.9924 	 test_acc: 0.9981
[INFO  12:13:06] epoch 17: train_acc: 0.9924 	 test_acc: 0.9981
[INFO  12:13:09] epoch 18: train_acc: 0.9924 	 test_acc: 0.9981
[INFO  12:13:11] epoch 19: train_acc: 0.9927 	 test_acc: 0.9981
[INFO  12:13:13] Task accuracies: {
    "task1": 0.9981087470449173,
    "task2": 0.44172380019588636,
    "task3": 0.4535752401280683,
    "task4": 0.621852970795569,
    "task5": 0.4427634896621281
}
[INFO  12:13:13] Mean task accuracy: 0.9981
[INFO  12:13:13] Update replay buffer for simple replay.
[INFO  12:13:13] size of replay buffer: 200
[INFO  12:13:13] Starting training of task 2
[INFO  12:13:17] epoch 0: train_acc: 0.5914 	 test_acc: 0.6841
[INFO  12:13:22] epoch 1: train_acc: 0.7532 	 test_acc: 0.7987
[INFO  12:13:26] epoch 2: train_acc: 0.8291 	 test_acc: 0.8526
[INFO  12:13:31] epoch 3: train_acc: 0.8695 	 test_acc: 0.8830
[INFO  12:13:36] epoch 4: train_acc: 0.8899 	 test_acc: 0.8976
[INFO  12:13:42] epoch 5: train_acc: 0.9037 	 test_acc: 0.9114
[INFO  12:13:47] epoch 6: train_acc: 0.9122 	 test_acc: 0.9187
[INFO  12:13:51] epoch 7: train_acc: 0.9179 	 test_acc: 0.9236
[INFO  12:13:55] epoch 8: train_acc: 0.9227 	 test_acc: 0.9300
[INFO  12:14:00] epoch 9: train_acc: 0.9256 	 test_acc: 0.9329
[INFO  12:14:03] epoch 10: train_acc: 0.9284 	 test_acc: 0.9358
[INFO  12:14:08] epoch 11: train_acc: 0.9313 	 test_acc: 0.9393
[INFO  12:14:12] epoch 12: train_acc: 0.9337 	 test_acc: 0.9403
[INFO  12:14:17] epoch 13: train_acc: 0.9352 	 test_acc: 0.9456
[INFO  12:14:21] epoch 14: train_acc: 0.9364 	 test_acc: 0.9461
[INFO  12:14:26] epoch 15: train_acc: 0.9378 	 test_acc: 0.9476
[INFO  12:14:30] epoch 16: train_acc: 0.9385 	 test_acc: 0.9476
[INFO  12:14:34] epoch 17: train_acc: 0.9400 	 test_acc: 0.9486
[INFO  12:14:39] epoch 18: train_acc: 0.9408 	 test_acc: 0.9491
[INFO  12:14:43] epoch 19: train_acc: 0.9422 	 test_acc: 0.9496
[INFO  12:14:45] Task accuracies: {
    "task1": 0.9957446808510638,
    "task2": 0.9495592556317336,
    "task3": 0.6830309498399146,
    "task4": 0.7618328298086606,
    "task5": 0.47705496722138174
}
[INFO  12:14:45] Mean task accuracy: 0.9727
[INFO  12:14:45] Update replay buffer for simple replay.
[INFO  12:14:45] size of replay buffer: 400
[INFO  12:14:45] Starting training of task 3
[INFO  12:14:49] epoch 0: train_acc: 0.7124 	 test_acc: 0.7380
[INFO  12:14:53] epoch 1: train_acc: 0.7574 	 test_acc: 0.7721
[INFO  12:14:57] epoch 2: train_acc: 0.7846 	 test_acc: 0.7924
[INFO  12:15:01] epoch 3: train_acc: 0.8036 	 test_acc: 0.8148
[INFO  12:15:05] epoch 4: train_acc: 0.8182 	 test_acc: 0.8298
[INFO  12:15:09] epoch 5: train_acc: 0.8292 	 test_acc: 0.8431
[INFO  12:15:13] epoch 6: train_acc: 0.8397 	 test_acc: 0.8559
[INFO  12:15:17] epoch 7: train_acc: 0.8484 	 test_acc: 0.8645
[INFO  12:15:21] epoch 8: train_acc: 0.8558 	 test_acc: 0.8682
[INFO  12:15:24] epoch 9: train_acc: 0.8621 	 test_acc: 0.8746
[INFO  12:15:28] epoch 10: train_acc: 0.8678 	 test_acc: 0.8837
[INFO  12:15:32] epoch 11: train_acc: 0.8723 	 test_acc: 0.8885
[INFO  12:15:36] epoch 12: train_acc: 0.8766 	 test_acc: 0.8933
[INFO  12:15:40] epoch 13: train_acc: 0.8819 	 test_acc: 0.8970
[INFO  12:15:44] epoch 14: train_acc: 0.8845 	 test_acc: 0.9007
[INFO  12:15:48] epoch 15: train_acc: 0.8888 	 test_acc: 0.9061
[INFO  12:15:52] epoch 16: train_acc: 0.8935 	 test_acc: 0.9093
[INFO  12:15:56] epoch 17: train_acc: 0.8967 	 test_acc: 0.9114
[INFO  12:16:00] epoch 18: train_acc: 0.9002 	 test_acc: 0.9125
[INFO  12:16:03] epoch 19: train_acc: 0.9016 	 test_acc: 0.9146
[INFO  12:16:05] Task accuracies: {
    "task1": 0.9900709219858156,
    "task2": 0.9157688540646425,
    "task3": 0.9146211312700107,
    "task4": 0.5659617321248741,
    "task5": 0.3086232980332829
}
[INFO  12:16:05] Mean task accuracy: 0.9402
[INFO  12:16:05] Update replay buffer for simple replay.
[INFO  12:16:05] size of replay buffer: 600
[INFO  12:16:06] Starting training of task 4
[INFO  12:16:10] epoch 0: train_acc: 0.7518 	 test_acc: 0.8706
[INFO  12:16:15] epoch 1: train_acc: 0.8832 	 test_acc: 0.9164
[INFO  12:16:19] epoch 2: train_acc: 0.9114 	 test_acc: 0.9340
[INFO  12:16:24] epoch 3: train_acc: 0.9237 	 test_acc: 0.9461
[INFO  12:16:30] epoch 4: train_acc: 0.9302 	 test_acc: 0.9522
[INFO  12:16:36] epoch 5: train_acc: 0.9360 	 test_acc: 0.9562
[INFO  12:16:40] epoch 6: train_acc: 0.9394 	 test_acc: 0.9567
[INFO  12:16:44] epoch 7: train_acc: 0.9424 	 test_acc: 0.9597
[INFO  12:16:48] epoch 8: train_acc: 0.9446 	 test_acc: 0.9607
[INFO  12:16:53] epoch 9: train_acc: 0.9467 	 test_acc: 0.9612
[INFO  12:16:58] epoch 10: train_acc: 0.9484 	 test_acc: 0.9617
[INFO  12:17:03] epoch 11: train_acc: 0.9489 	 test_acc: 0.9622
[INFO  12:17:07] epoch 12: train_acc: 0.9502 	 test_acc: 0.9622
[INFO  12:17:11] epoch 13: train_acc: 0.9514 	 test_acc: 0.9627
[INFO  12:17:15] epoch 14: train_acc: 0.9530 	 test_acc: 0.9627
[INFO  12:17:20] epoch 15: train_acc: 0.9540 	 test_acc: 0.9632
[INFO  12:17:24] epoch 16: train_acc: 0.9547 	 test_acc: 0.9648
[INFO  12:17:29] epoch 17: train_acc: 0.9563 	 test_acc: 0.9653
[INFO  12:17:34] epoch 18: train_acc: 0.9567 	 test_acc: 0.9663
[INFO  12:17:39] epoch 19: train_acc: 0.9574 	 test_acc: 0.9658
[INFO  12:17:41] Task accuracies: {
    "task1": 0.983451536643026,
    "task2": 0.9196865817825661,
    "task3": 0.9023479188900747,
    "task4": 0.9657603222557906,
    "task5": 0.3913262733232476
}
[INFO  12:17:41] Mean task accuracy: 0.9428
[INFO  12:17:41] Update replay buffer for simple replay.
[INFO  12:17:41] size of replay buffer: 800
[INFO  12:17:43] Starting training of task 5
[INFO  12:17:47] epoch 0: train_acc: 0.4761 	 test_acc: 0.5396
[INFO  12:17:52] epoch 1: train_acc: 0.6059 	 test_acc: 0.6440
[INFO  12:17:57] epoch 2: train_acc: 0.6797 	 test_acc: 0.7020
[INFO  12:18:01] epoch 3: train_acc: 0.7167 	 test_acc: 0.7347
[INFO  12:18:06] epoch 4: train_acc: 0.7410 	 test_acc: 0.7559
[INFO  12:18:10] epoch 5: train_acc: 0.7604 	 test_acc: 0.7705
[INFO  12:18:16] epoch 6: train_acc: 0.7758 	 test_acc: 0.7847
[INFO  12:18:20] epoch 7: train_acc: 0.7864 	 test_acc: 0.7983
[INFO  12:18:25] epoch 8: train_acc: 0.7953 	 test_acc: 0.8084
[INFO  12:18:30] epoch 9: train_acc: 0.8043 	 test_acc: 0.8180
[INFO  12:18:34] epoch 10: train_acc: 0.8114 	 test_acc: 0.8255
[INFO  12:18:39] epoch 11: train_acc: 0.8181 	 test_acc: 0.8301
[INFO  12:18:43] epoch 12: train_acc: 0.8240 	 test_acc: 0.8341
[INFO  12:18:48] epoch 13: train_acc: 0.8285 	 test_acc: 0.8396
[INFO  12:18:52] epoch 14: train_acc: 0.8331 	 test_acc: 0.8452
[INFO  12:18:56] epoch 15: train_acc: 0.8376 	 test_acc: 0.8462
[INFO  12:19:00] epoch 16: train_acc: 0.8425 	 test_acc: 0.8497
[INFO  12:19:04] epoch 17: train_acc: 0.8473 	 test_acc: 0.8512
[INFO  12:19:09] epoch 18: train_acc: 0.8515 	 test_acc: 0.8548
[INFO  12:19:16] epoch 19: train_acc: 0.8554 	 test_acc: 0.8573
[INFO  12:19:18] Task accuracies: {
    "task1": 0.9678486997635933,
    "task2": 0.9275220372184133,
    "task3": 0.8601921024546425,
    "task4": 0.9793554884189325,
    "task5": 0.8572869389813415
}
[INFO  12:19:18] Mean task accuracy: 0.9184
[INFO  12:19:18] Update replay buffer for simple replay.
[INFO  12:19:18] size of replay buffer: 1000
