[INFO  13:55:01] Start training with parametrization:
{
    "dataset": {
        "name": "split_mnist",
        "kwargs": {
            "batch_size": 100,
            "shuffle_tasks": false
        }
    },
    "criterion": "BCE",
    "cl_method": "generative_replay",
    "dimensions": [
        784,
        40,
        40,
        2
    ],
    "epochs": 10,
    "learning_rate": 0.01,
    "nonlinearity": "relu",
    "n_replay": 1000,
    "optimizer": "sgd",
    "seed": 1,
    "test_samples": 1,
    "vae_batch_size": 128,
    "vae_epochs": 10,
    "vae_lr": 0.01,
    "vae_n_gaussian": 100,
    "vae_n_hidden": 400,
    "mult_mlp": false,
    "log_dir": "",
    "task": "split_mnist"
}
[INFO  13:55:01] Starting training of task 1
[INFO  13:55:02] epoch 0: train_acc: 0.8278 	 test_acc: 0.9972
[INFO  13:55:03] epoch 1: train_acc: 0.9912 	 test_acc: 0.9986
[INFO  13:55:05] epoch 2: train_acc: 0.9919 	 test_acc: 0.9986
[INFO  13:55:06] epoch 3: train_acc: 0.9922 	 test_acc: 0.9991
[INFO  13:55:08] epoch 4: train_acc: 0.9922 	 test_acc: 0.9991
[INFO  13:55:10] epoch 5: train_acc: 0.9925 	 test_acc: 0.9991
[INFO  13:55:11] epoch 6: train_acc: 0.9925 	 test_acc: 0.9991
[INFO  13:55:12] epoch 7: train_acc: 0.9927 	 test_acc: 0.9991
[INFO  13:55:13] epoch 8: train_acc: 0.9927 	 test_acc: 0.9991
[INFO  13:55:15] epoch 9: train_acc: 0.9927 	 test_acc: 0.9991
[INFO  13:55:16] Task accuracies: {
    "task1": 0.9990543735224586,
    "task2": 0.4764936336924584,
    "task3": 0.43810032017075773,
    "task4": 0.5886203423967774,
    "task5": 0.37014624306606153
}
[INFO  13:55:16] Mean task accuracy: 0.9991
[INFO  13:55:52] Update replay buffer for generative replay.
[INFO  13:55:53] Starting training of task 2
[INFO  13:55:55] epoch 0: train_acc: 0.7750 	 test_acc: 0.8717
[INFO  13:55:56] epoch 1: train_acc: 0.9015 	 test_acc: 0.9094
[INFO  13:55:57] epoch 2: train_acc: 0.9238 	 test_acc: 0.9344
[INFO  13:55:59] epoch 3: train_acc: 0.9345 	 test_acc: 0.9403
[INFO  13:56:00] epoch 4: train_acc: 0.9396 	 test_acc: 0.9491
[INFO  13:56:01] epoch 5: train_acc: 0.9414 	 test_acc: 0.9510
[INFO  13:56:03] epoch 6: train_acc: 0.9457 	 test_acc: 0.9530
[INFO  13:56:04] epoch 7: train_acc: 0.9463 	 test_acc: 0.9545
[INFO  13:56:05] epoch 8: train_acc: 0.9471 	 test_acc: 0.9569
[INFO  13:56:07] epoch 9: train_acc: 0.9493 	 test_acc: 0.9594
[INFO  13:56:08] Task accuracies: {
    "task1": 0.9692671394799054,
    "task2": 0.9593535749265426,
    "task3": 0.651547491995731,
    "task4": 0.8363544813695871,
    "task5": 0.4735249621785174
}
[INFO  13:56:08] Mean task accuracy: 0.9643
[INFO  13:56:43] Update replay buffer for generative replay.
[INFO  13:56:45] Starting training of task 3
[INFO  13:56:46] epoch 0: train_acc: 0.6980 	 test_acc: 0.7636
[INFO  13:56:48] epoch 1: train_acc: 0.7788 	 test_acc: 0.8202
[INFO  13:56:49] epoch 2: train_acc: 0.8243 	 test_acc: 0.8559
[INFO  13:56:51] epoch 3: train_acc: 0.8485 	 test_acc: 0.8810
[INFO  13:56:53] epoch 4: train_acc: 0.8680 	 test_acc: 0.8906
[INFO  13:56:54] epoch 5: train_acc: 0.8852 	 test_acc: 0.9125
[INFO  13:56:55] epoch 6: train_acc: 0.8981 	 test_acc: 0.9184
