[INFO  15:38:05] Start training with parametrization:
{
    "dataset": {
        "name": "perm_mnist",
        "kwargs": {
            "batch_size": 100,
            "num_tasks": 10
        }
    },
    "cl_method": "no_replay",
    "criterion": "cross_entropy",
    "dimensions": [
        784,
        200,
        200,
        10
    ],
    "epochs": 10,
    "learning_rate": 0.001,
    "nonlinearity": "relu",
    "n_replay": 1000,
    "optimizer": "sgd",
    "seed": null,
    "test_samples": 1,
    "vae_batch_size": 128,
    "vae_epochs": 10,
    "vae_lr": 0.001,
    "vae_n_gaussian": 20,
    "vae_n_hidden": 400,
    "mult_mlp": false,
    "log_dir": "",
    "task": "perm_mnist"
}
[INFO  15:38:05] Starting training of task 1
[INFO  15:38:23] epoch 0: train_acc: 0.3122 	 test_acc: 0.5557
[INFO  15:38:35] epoch 1: train_acc: 0.6319 	 test_acc: 0.6805
[INFO  15:38:47] epoch 2: train_acc: 0.7164 	 test_acc: 0.7670
[INFO  15:39:02] epoch 3: train_acc: 0.7871 	 test_acc: 0.8244
[INFO  15:39:14] epoch 4: train_acc: 0.8275 	 test_acc: 0.8475
[INFO  15:39:25] epoch 5: train_acc: 0.8477 	 test_acc: 0.8660
[INFO  15:39:36] epoch 6: train_acc: 0.8616 	 test_acc: 0.8744
[INFO  15:39:50] epoch 7: train_acc: 0.8712 	 test_acc: 0.8831
[INFO  15:40:01] epoch 8: train_acc: 0.8782 	 test_acc: 0.8891
[INFO  15:40:12] epoch 9: train_acc: 0.8840 	 test_acc: 0.8920
[INFO  15:40:33] Task accuracies: {
    "task1": 0.892,
    "task10": 0.1609,
    "task2": 0.1127,
    "task3": 0.0921,
    "task4": 0.2175,
    "task5": 0.1011,
    "task6": 0.1555,
    "task7": 0.1191,
    "task8": 0.1293,
    "task9": 0.1669
}
[INFO  15:40:33] Mean task accuracy: 0.8920
[INFO  15:40:33] Starting training of task 2
[INFO  15:40:44] epoch 0: train_acc: 0.5429 	 test_acc: 0.7651
[INFO  15:40:55] epoch 1: train_acc: 0.8012 	 test_acc: 0.8348
[INFO  15:41:06] epoch 2: train_acc: 0.8428 	 test_acc: 0.8602
[INFO  15:41:17] epoch 3: train_acc: 0.8618 	 test_acc: 0.8753
[INFO  15:41:28] epoch 4: train_acc: 0.8733 	 test_acc: 0.8853
[INFO  15:41:39] epoch 5: train_acc: 0.8813 	 test_acc: 0.8903
[INFO  15:41:50] epoch 6: train_acc: 0.8874 	 test_acc: 0.8953
[INFO  15:42:02] epoch 7: train_acc: 0.8920 	 test_acc: 0.8994
[INFO  15:42:13] epoch 8: train_acc: 0.8960 	 test_acc: 0.9028
[INFO  15:42:24] epoch 9: train_acc: 0.8989 	 test_acc: 0.9061
[INFO  15:42:43] Task accuracies: {
    "task1": 0.8594,
    "task10": 0.1504,
    "task2": 0.9061,
    "task3": 0.0758,
    "task4": 0.1318,
    "task5": 0.1271,
    "task6": 0.1861,
    "task7": 0.1407,
    "task8": 0.1433,
    "task9": 0.1452
}
[INFO  15:42:43] Mean task accuracy: 0.8827
[INFO  15:42:43] Starting training of task 3
[INFO  15:42:54] epoch 0: train_acc: 0.6309 	 test_acc: 0.8112
[INFO  15:43:05] epoch 1: train_acc: 0.8339 	 test_acc: 0.8547
[INFO  15:43:17] epoch 2: train_acc: 0.8639 	 test_acc: 0.8717
[INFO  15:43:28] epoch 3: train_acc: 0.8770 	 test_acc: 0.8842
[INFO  15:43:39] epoch 4: train_acc: 0.8859 	 test_acc: 0.8906
[INFO  15:43:50] epoch 5: train_acc: 0.8920 	 test_acc: 0.8957
[INFO  15:44:01] epoch 6: train_acc: 0.8970 	 test_acc: 0.9007
[INFO  15:44:12] epoch 7: train_acc: 0.9009 	 test_acc: 0.9050
[INFO  15:44:23] epoch 8: train_acc: 0.9045 	 test_acc: 0.9085
[INFO  15:44:34] epoch 9: train_acc: 0.9078 	 test_acc: 0.9111
[INFO  15:44:52] Task accuracies: {
    "task1": 0.8264,
    "task10": 0.1484,
    "task2": 0.8899,
    "task3": 0.9111,
    "task4": 0.1082,
    "task5": 0.1305,
    "task6": 0.1592,
    "task7": 0.1405,
    "task8": 0.1391,
    "task9": 0.1839
}
[INFO  15:44:52] Mean task accuracy: 0.8758
[INFO  15:44:52] Starting training of task 4
[INFO  15:45:03] epoch 0: train_acc: 0.6808 	 test_acc: 0.8246
[INFO  15:45:14] epoch 1: train_acc: 0.8428 	 test_acc: 0.8629
[INFO  15:45:25] epoch 2: train_acc: 0.8682 	 test_acc: 0.8785
[INFO  15:45:36] epoch 3: train_acc: 0.8819 	 test_acc: 0.8885
[INFO  15:45:47] epoch 4: train_acc: 0.8908 	 test_acc: 0.8956
[INFO  15:45:58] epoch 5: train_acc: 0.8972 	 test_acc: 0.9026
[INFO  15:46:10] epoch 6: train_acc: 0.9025 	 test_acc: 0.9064
[INFO  15:46:21] epoch 7: train_acc: 0.9066 	 test_acc: 0.9106
[INFO  15:46:33] epoch 8: train_acc: 0.9104 	 test_acc: 0.9128
[INFO  15:46:44] epoch 9: train_acc: 0.9132 	 test_acc: 0.9153
[INFO  15:47:02] Task accuracies: {
    "task1": 0.8116,
    "task10": 0.1345,
    "task2": 0.8712,
    "task3": 0.8973,
    "task4": 0.9153,
    "task5": 0.1435,
    "task6": 0.1447,
    "task7": 0.1231,
    "task8": 0.1132,
    "task9": 0.1764
}
[INFO  15:47:02] Mean task accuracy: 0.8738
[INFO  15:47:02] Starting training of task 5
[INFO  15:47:13] epoch 0: train_acc: 0.6695 	 test_acc: 0.8256
[INFO  15:47:24] epoch 1: train_acc: 0.8493 	 test_acc: 0.8688
[INFO  15:47:36] epoch 2: train_acc: 0.8746 	 test_acc: 0.8832
[INFO  15:47:47] epoch 3: train_acc: 0.8871 	 test_acc: 0.8960
[INFO  15:47:58] epoch 4: train_acc: 0.8951 	 test_acc: 0.9016
[INFO  15:48:09] epoch 5: train_acc: 0.9017 	 test_acc: 0.9081
[INFO  15:48:20] epoch 6: train_acc: 0.9064 	 test_acc: 0.9125
[INFO  15:48:32] epoch 7: train_acc: 0.9110 	 test_acc: 0.9157
[INFO  15:48:43] epoch 8: train_acc: 0.9151 	 test_acc: 0.9187
[INFO  15:48:55] epoch 9: train_acc: 0.9186 	 test_acc: 0.9211
[INFO  15:49:14] Task accuracies: {
    "task1": 0.7754,
    "task10": 0.1309,
    "task2": 0.8538,
    "task3": 0.8782,
    "task4": 0.907,
    "task5": 0.9211,
    "task6": 0.1328,
    "task7": 0.1107,
    "task8": 0.1255,
    "task9": 0.1552
}
[INFO  15:49:14] Mean task accuracy: 0.8671
[INFO  15:49:14] Starting training of task 6
[INFO  15:49:26] epoch 0: train_acc: 0.6922 	 test_acc: 0.8374
[INFO  15:49:38] epoch 1: train_acc: 0.8563 	 test_acc: 0.8760
[INFO  15:49:49] epoch 2: train_acc: 0.8807 	 test_acc: 0.8929
[INFO  15:50:01] epoch 3: train_acc: 0.8929 	 test_acc: 0.9035
[INFO  15:50:12] epoch 4: train_acc: 0.9009 	 test_acc: 0.9083
[INFO  15:50:24] epoch 5: train_acc: 0.9072 	 test_acc: 0.9146
[INFO  15:50:34] epoch 6: train_acc: 0.9123 	 test_acc: 0.9176
[INFO  15:50:47] epoch 7: train_acc: 0.9162 	 test_acc: 0.9210
[INFO  15:50:58] epoch 8: train_acc: 0.9196 	 test_acc: 0.9248
[INFO  15:51:11] epoch 9: train_acc: 0.9222 	 test_acc: 0.9268
[INFO  15:51:30] Task accuracies: {
    "task1": 0.6973,
    "task10": 0.1288,
    "task2": 0.8256,
    "task3": 0.8613,
    "task4": 0.8908,
    "task5": 0.9026,
    "task6": 0.9268,
    "task7": 0.1395,
    "task8": 0.1599,
    "task9": 0.1339
}
[INFO  15:51:30] Mean task accuracy: 0.8507
[INFO  15:51:30] Starting training of task 7
[INFO  15:51:42] epoch 0: train_acc: 0.7066 	 test_acc: 0.8452
[INFO  15:51:54] epoch 1: train_acc: 0.8592 	 test_acc: 0.8798
[INFO  15:52:06] epoch 2: train_acc: 0.8828 	 test_acc: 0.8925
[INFO  15:52:18] epoch 3: train_acc: 0.8946 	 test_acc: 0.9022
[INFO  15:52:30] epoch 4: train_acc: 0.9026 	 test_acc: 0.9079
[INFO  15:52:42] epoch 5: train_acc: 0.9081 	 test_acc: 0.9129
[INFO  15:52:54] epoch 6: train_acc: 0.9127 	 test_acc: 0.9164
[INFO  15:53:06] epoch 7: train_acc: 0.9166 	 test_acc: 0.9211
[INFO  15:53:17] epoch 8: train_acc: 0.9201 	 test_acc: 0.9238
[INFO  15:53:28] epoch 9: train_acc: 0.9225 	 test_acc: 0.9266
[INFO  15:53:46] Task accuracies: {
    "task1": 0.6653,
    "task10": 0.1193,
    "task2": 0.8247,
    "task3": 0.8254,
    "task4": 0.8668,
    "task5": 0.8895,
    "task6": 0.9145,
    "task7": 0.9266,
    "task8": 0.1318,
    "task9": 0.1158
}
[INFO  15:53:46] Mean task accuracy: 0.8447
[INFO  15:53:46] Starting training of task 8
[INFO  15:53:57] epoch 0: train_acc: 0.6977 	 test_acc: 0.8430
[INFO  15:54:07] epoch 1: train_acc: 0.8576 	 test_acc: 0.8791
[INFO  15:54:18] epoch 2: train_acc: 0.8825 	 test_acc: 0.8958
[INFO  15:54:29] epoch 3: train_acc: 0.8951 	 test_acc: 0.9065
[INFO  15:54:40] epoch 4: train_acc: 0.9034 	 test_acc: 0.9118
[INFO  15:54:51] epoch 5: train_acc: 0.9098 	 test_acc: 0.9165
[INFO  15:55:03] epoch 6: train_acc: 0.9155 	 test_acc: 0.9202
[INFO  15:55:16] epoch 7: train_acc: 0.9192 	 test_acc: 0.9236
[INFO  15:55:29] epoch 8: train_acc: 0.9232 	 test_acc: 0.9257
[INFO  15:55:43] epoch 9: train_acc: 0.9261 	 test_acc: 0.9287
[INFO  15:56:02] Task accuracies: {
    "task1": 0.6426,
    "task10": 0.1277,
    "task2": 0.7832,
    "task3": 0.748,
    "task4": 0.8088,
    "task5": 0.8612,
    "task6": 0.8989,
    "task7": 0.9114,
    "task8": 0.9287,
    "task9": 0.1305
}
[INFO  15:56:02] Mean task accuracy: 0.8228
[INFO  15:56:02] Starting training of task 9
[INFO  15:56:15] epoch 0: train_acc: 0.7226 	 test_acc: 0.8442
[INFO  15:56:28] epoch 1: train_acc: 0.8671 	 test_acc: 0.8812
[INFO  15:56:40] epoch 2: train_acc: 0.8897 	 test_acc: 0.8949
[INFO  15:56:52] epoch 3: train_acc: 0.9018 	 test_acc: 0.9034
[INFO  15:57:03] epoch 4: train_acc: 0.9095 	 test_acc: 0.9093
[INFO  15:57:13] epoch 5: train_acc: 0.9154 	 test_acc: 0.9149
[INFO  15:57:24] epoch 6: train_acc: 0.9199 	 test_acc: 0.9199
[INFO  15:57:34] epoch 7: train_acc: 0.9233 	 test_acc: 0.9227
[INFO  15:57:45] epoch 8: train_acc: 0.9266 	 test_acc: 0.9256
[INFO  15:57:55] epoch 9: train_acc: 0.9296 	 test_acc: 0.9278
[INFO  15:58:13] Task accuracies: {
    "task1": 0.6357,
    "task10": 0.1325,
    "task2": 0.7406,
    "task3": 0.7161,
    "task4": 0.7778,
    "task5": 0.8602,
    "task6": 0.8868,
    "task7": 0.9074,
    "task8": 0.9154,
    "task9": 0.9278
}
[INFO  15:58:13] Mean task accuracy: 0.8186
[INFO  15:58:13] Starting training of task 10
[INFO  15:58:26] epoch 0: train_acc: 0.7101 	 test_acc: 0.8486
[INFO  15:58:39] epoch 1: train_acc: 0.8629 	 test_acc: 0.8856
[INFO  15:58:52] epoch 2: train_acc: 0.8870 	 test_acc: 0.9019
[INFO  15:59:05] epoch 3: train_acc: 0.9004 	 test_acc: 0.9119
[INFO  15:59:18] epoch 4: train_acc: 0.9093 	 test_acc: 0.9170
[INFO  15:59:33] epoch 5: train_acc: 0.9156 	 test_acc: 0.9219
[INFO  15:59:47] epoch 6: train_acc: 0.9204 	 test_acc: 0.9259
[INFO  16:00:01] epoch 7: train_acc: 0.9246 	 test_acc: 0.9292
[INFO  16:00:14] epoch 8: train_acc: 0.9279 	 test_acc: 0.9329
[INFO  16:00:28] epoch 9: train_acc: 0.9308 	 test_acc: 0.9345
[INFO  16:00:51] Task accuracies: {
    "task1": 0.5473,
    "task10": 0.9345,
    "task2": 0.6795,
    "task3": 0.6676,
    "task4": 0.758,
    "task5": 0.8568,
    "task6": 0.8575,
    "task7": 0.8952,
    "task8": 0.9116,
    "task9": 0.9166
}
[INFO  16:00:51] Mean task accuracy: 0.8025
