[INFO  14:54:15] Start training with parametrization:
{
    "dataset": {
        "name": "split_mnist",
        "kwargs": {
            "batch_size": 100,
            "shuffle_tasks": false
        }
    },
    "criterion": "BCE",
    "cl_method": "generative_replay",
    "dimensions": [
        784,
        40,
        40,
        2
    ],
    "epochs": 10,
    "learning_rate": 0.01,
    "nonlinearity": "relu",
    "n_replay": 1000,
    "optimizer": "sgd",
    "replay_weight": 0.5,
    "seed": 1,
    "single_vae": true,
    "test_samples": 1,
    "vae_batch_size": 128,
    "vae_epochs": 20,
    "vae_lr": 0.005,
    "vae_n_gaussian": 100,
    "vae_n_hidden": 400,
    "mult_mlp": false,
    "log_dir": "",
    "task": "split_mnist"
}
[INFO  14:54:15] Starting training of task 1
[INFO  14:54:17] epoch 0: train_acc: 0.8168 	 test_acc: 0.9972
[INFO  14:54:18] epoch 1: train_acc: 0.9913 	 test_acc: 0.9986
[INFO  14:54:20] epoch 2: train_acc: 0.9917 	 test_acc: 0.9986
[INFO  14:54:21] epoch 3: train_acc: 0.9921 	 test_acc: 0.9991
[INFO  14:54:22] epoch 4: train_acc: 0.9923 	 test_acc: 0.9991
[INFO  14:54:23] epoch 5: train_acc: 0.9925 	 test_acc: 0.9991
[INFO  14:54:25] epoch 6: train_acc: 0.9925 	 test_acc: 0.9991
[INFO  14:54:26] epoch 7: train_acc: 0.9927 	 test_acc: 0.9991
[INFO  14:54:28] epoch 8: train_acc: 0.9927 	 test_acc: 0.9991
[INFO  14:54:29] epoch 9: train_acc: 0.9928 	 test_acc: 0.9991
[INFO  14:54:30] Task accuracies: {
    "task1": 0.9990543735224586,
    "task2": 0.47992164544564153,
    "task3": 0.43810032017075773,
    "task4": 0.5896273917421954,
    "task5": 0.3656076651538074
}
[INFO  14:54:30] Mean task accuracy: 0.9991
[INFO  14:55:47] Update replay buffer for generative replay.
[INFO  14:55:49] Starting training of task 2
[INFO  14:55:50] epoch 0: train_acc: 0.7724 	 test_acc: 0.8830
[INFO  14:55:51] epoch 1: train_acc: 0.9072 	 test_acc: 0.9256
[INFO  14:55:53] epoch 2: train_acc: 0.9285 	 test_acc: 0.9378
[INFO  14:55:54] epoch 3: train_acc: 0.9373 	 test_acc: 0.9471
[INFO  14:55:55] epoch 4: train_acc: 0.9421 	 test_acc: 0.9491
[INFO  14:55:57] epoch 5: train_acc: 0.9433 	 test_acc: 0.9549
[INFO  14:55:59] epoch 6: train_acc: 0.9462 	 test_acc: 0.9569
[INFO  14:56:00] epoch 7: train_acc: 0.9477 	 test_acc: 0.9569
[INFO  14:56:01] epoch 8: train_acc: 0.9481 	 test_acc: 0.9608
[INFO  14:56:03] epoch 9: train_acc: 0.9490 	 test_acc: 0.9603
[INFO  14:56:04] Task accuracies: {
    "task1": 0.9891252955082742,
    "task2": 0.9603330068560235,
    "task3": 0.6227321237993596,
    "task4": 0.8423967774420946,
    "task5": 0.5143721633888049
}
[INFO  14:56:04] Mean task accuracy: 0.9747
[INFO  14:57:44] Update replay buffer for generative replay.
[INFO  14:57:45] Starting training of task 3
[INFO  14:57:46] epoch 0: train_acc: 0.7780 	 test_acc: 0.8735
[INFO  14:57:47] epoch 1: train_acc: 0.8773 	 test_acc: 0.9093
[INFO  14:57:49] epoch 2: train_acc: 0.9052 	 test_acc: 0.9280
[INFO  14:57:50] epoch 3: train_acc: 0.9185 	 test_acc: 0.9381
[INFO  14:57:51] epoch 4: train_acc: 0.9258 	 test_acc: 0.9429
[INFO  14:57:52] epoch 5: train_acc: 0.9334 	 test_acc: 0.9472
[INFO  14:57:54] epoch 6: train_acc: 0.9361 	 test_acc: 0.9509
[INFO  14:57:55] epoch 7: train_acc: 0.9383 	 test_acc: 0.9520
[INFO  14:57:56] epoch 8: train_acc: 0.9423 	 test_acc: 0.9530
[INFO  14:57:57] epoch 9: train_acc: 0.9447 	 test_acc: 0.9525
[INFO  14:57:58] Task accuracies: {
    "task1": 0.9375886524822695,
    "task2": 0.885896180215475,
    "task3": 0.9525080042689434,
    "task4": 0.4959718026183283,
    "task5": 0.232476046394352
}
[INFO  14:57:58] Mean task accuracy: 0.9253
[INFO  14:59:20] Update replay buffer for generative replay.
[INFO  14:59:21] Starting training of task 4
[INFO  14:59:23] epoch 0: train_acc: 0.9068 	 test_acc: 0.9668
[INFO  14:59:24] epoch 1: train_acc: 0.9651 	 test_acc: 0.9738
[INFO  14:59:26] epoch 2: train_acc: 0.9705 	 test_acc: 0.9758
[INFO  14:59:27] epoch 3: train_acc: 0.9733 	 test_acc: 0.9758
[INFO  14:59:28] epoch 4: train_acc: 0.9737 	 test_acc: 0.9778
[INFO  14:59:30] epoch 5: train_acc: 0.9746 	 test_acc: 0.9794
[INFO  14:59:31] epoch 6: train_acc: 0.9754 	 test_acc: 0.9804
[INFO  14:59:32] epoch 7: train_acc: 0.9761 	 test_acc: 0.9804
[INFO  14:59:34] epoch 8: train_acc: 0.9768 	 test_acc: 0.9804
[INFO  14:59:35] epoch 9: train_acc: 0.9767 	 test_acc: 0.9804
[INFO  14:59:36] Task accuracies: {
    "task1": 0.8879432624113475,
    "task2": 0.8888344760039177,
    "task3": 0.9151547491995731,
    "task4": 0.9803625377643505,
    "task5": 0.44831064044377206
}
[INFO  14:59:36] Mean task accuracy: 0.9181
[INFO  15:01:11] Update replay buffer for generative replay.
[INFO  15:01:12] Starting training of task 5
[INFO  15:01:13] epoch 0: train_acc: 0.7922 	 test_acc: 0.8795
[INFO  15:01:14] epoch 1: train_acc: 0.8962 	 test_acc: 0.9002
[INFO  15:01:16] epoch 2: train_acc: 0.9108 	 test_acc: 0.9128
[INFO  15:01:17] epoch 3: train_acc: 0.9186 	 test_acc: 0.9198
[INFO  15:01:18] epoch 4: train_acc: 0.9226 	 test_acc: 0.9279
[INFO  15:01:20] epoch 5: train_acc: 0.9265 	 test_acc: 0.9314
[INFO  15:01:21] epoch 6: train_acc: 0.9303 	 test_acc: 0.9344
[INFO  15:01:22] epoch 7: train_acc: 0.9316 	 test_acc: 0.9365
[INFO  15:01:23] epoch 8: train_acc: 0.9340 	 test_acc: 0.9370
[INFO  15:01:25] epoch 9: train_acc: 0.9353 	 test_acc: 0.9405
[INFO  15:01:25] Task accuracies: {
    "task1": 0.83451536643026,
    "task2": 0.8824681684622919,
    "task3": 0.572572038420491,
    "task4": 0.9823766364551864,
    "task5": 0.940494200706001
}
[INFO  15:01:25] Mean task accuracy: 0.8425
[INFO  15:02:59] Update replay buffer for generative replay.
