[INFO  17:50:01] Start training with parametrization:
{
    "dataset": {
        "name": "split_mnist",
        "kwargs": {
            "batch_size": 100,
            "shuffle_tasks": false
        }
    },
    "criterion": "BCE",
    "cl_method": "simple_replay",
    "dimensions": [
        784,
        40,
        40,
        2
    ],
    "epochs": 5,
    "learning_rate": 0.01,
    "nonlinearity": "relu",
    "n_replay": 20,
    "optimizer": "sgd",
    "replay_epochs": 10,
    "seed": null,
    "test_samples": 1,
    "vae_batch_size": 100,
    "vae_epochs": 10,
    "vae_lr": 0.01,
    "vae_n_gaussian": 100,
    "vae_n_hidden": 100,
    "log_dir": "",
    "task": "split_mnist"
}
[INFO  17:50:01] Starting training of task 1
[INFO  17:50:03] epoch 0: train_acc: 0.9646 	 test_acc: 0.9981
[INFO  17:50:06] epoch 1: train_acc: 0.9928 	 test_acc: 0.9986
[INFO  17:50:07] epoch 2: train_acc: 0.9931 	 test_acc: 0.9986
[INFO  17:50:10] epoch 3: train_acc: 0.9932 	 test_acc: 0.9991
[INFO  17:50:12] epoch 4: train_acc: 0.9934 	 test_acc: 0.9991
[INFO  17:50:13] Task accuracies: {
    "task1": 0.9990543735224586,
    "task2": 0.4843290891283056,
    "task3": 0.4583778014941302,
    "task4": 0.6540785498489426,
    "task5": 0.4367120524457892
}
[INFO  17:50:13] Mean task accuracy: 0.6065
[INFO  17:50:13] Update replay buffer for simple replay.
[INFO  17:50:13] size of replay buffer: 20
[INFO  17:50:13] Starting training of task 2
[INFO  17:50:16] epoch 0: train_acc: 1.0547 	 test_acc: 0.9280
[INFO  17:50:18] epoch 1: train_acc: 1.1317 	 test_acc: 0.9515
[INFO  17:50:20] epoch 2: train_acc: 1.1433 	 test_acc: 0.9613
[INFO  17:50:22] epoch 3: train_acc: 1.1481 	 test_acc: 0.9672
[INFO  17:50:25] epoch 4: train_acc: 1.1519 	 test_acc: 0.9687
[INFO  17:50:26] Task accuracies: {
    "task1": 0.9905437352245863,
    "task2": 0.9686581782566112,
    "task3": 0.6579509071504802,
    "task4": 0.8076535750251762,
    "task5": 0.47655068078668683
}
[INFO  17:50:26] Mean task accuracy: 0.7803
[INFO  17:50:26] Update replay buffer for simple replay.
[INFO  17:50:26] size of replay buffer: 40
[INFO  17:50:26] Starting training of task 3
[INFO  17:50:29] epoch 0: train_acc: 1.2143 	 test_acc: 0.8965
[INFO  17:50:31] epoch 1: train_acc: 1.3005 	 test_acc: 0.9381
[INFO  17:50:34] epoch 2: train_acc: 1.3273 	 test_acc: 0.9520
[INFO  17:50:36] epoch 3: train_acc: 1.3413 	 test_acc: 0.9632
[INFO  17:50:39] epoch 4: train_acc: 1.3503 	 test_acc: 0.9685
[INFO  17:50:40] Task accuracies: {
    "task1": 0.9484633569739953,
    "task2": 0.8741429970617042,
    "task3": 0.9685165421558164,
    "task4": 0.45720040281973817,
    "task5": 0.2410489157841654
}
[INFO  17:50:40] Mean task accuracy: 0.6979
[INFO  17:50:40] Update replay buffer for simple replay.
[INFO  17:50:40] size of replay buffer: 60
[INFO  17:50:40] Starting training of task 4
[INFO  17:50:43] epoch 0: train_acc: 1.4828 	 test_acc: 0.9632
[INFO  17:50:46] epoch 1: train_acc: 1.5567 	 test_acc: 0.9794
[INFO  17:50:49] epoch 2: train_acc: 1.5656 	 test_acc: 0.9819
[INFO  17:50:52] epoch 3: train_acc: 1.5692 	 test_acc: 0.9849
[INFO  17:50:55] epoch 4: train_acc: 1.5718 	 test_acc: 0.9864
[INFO  17:50:56] Task accuracies: {
    "task1": 0.9281323877068558,
    "task2": 0.8481880509304603,
    "task3": 0.8655282817502669,
    "task4": 0.986404833836858,
    "task5": 0.5612708018154312
}
[INFO  17:50:56] Mean task accuracy: 0.8379
[INFO  17:50:56] Update replay buffer for simple replay.
[INFO  17:50:56] size of replay buffer: 80
[INFO  17:50:56] Starting training of task 5
[INFO  17:51:00] epoch 0: train_acc: 1.5825 	 test_acc: 0.8764
[INFO  17:51:03] epoch 1: train_acc: 1.6826 	 test_acc: 0.9102
[INFO  17:51:06] epoch 2: train_acc: 1.7066 	 test_acc: 0.9264
[INFO  17:51:09] epoch 3: train_acc: 1.7189 	 test_acc: 0.9375
[INFO  17:51:12] epoch 4: train_acc: 1.7283 	 test_acc: 0.9486
[INFO  17:51:14] Task accuracies: {
    "task1": 0.8992907801418439,
    "task2": 0.8746327130264446,
    "task3": 0.5667022411953042,
    "task4": 0.9753272910372608,
    "task5": 0.9485627836611196
}
[INFO  17:51:14] Mean task accuracy: 0.8529
[INFO  17:51:14] Update replay buffer for simple replay.
[INFO  17:51:14] size of replay buffer: 100
