[INFO  10:08:42] Start training with parametrization:
{
    "dataset": {
        "name": "split_mnist",
        "kwargs": {
            "batch_size": 100,
            "shuffle_tasks": false
        }
    },
    "criterion": "BCE",
    "cl_method": "generative_replay",
    "dimensions": [
        784,
        40,
        40,
        2
    ],
    "epochs": 1,
    "learning_rate": 0.01,
    "nonlinearity": "relu",
    "n_replay": 1000,
    "optimizer": "sgd",
    "seed": 1,
    "test_samples": 1,
    "vae_batch_size": 128,
    "vae_epochs": 10,
    "vae_lr": 0.001,
    "vae_n_gaussian": 100,
    "vae_n_hidden": 400,
    "mult_mlp": false,
    "log_dir": "",
    "task": "split_mnist"
}
[INFO  10:08:42] Starting training of task 1
[INFO  10:08:44] epoch 0: train_acc: 0.8278 	 test_acc: 0.9972
[INFO  10:08:45] Task accuracies: {
    "task1": 0.9971631205673759,
    "task2": 0.47257590597453475,
    "task3": 0.39220917822838847,
    "task4": 0.5443101711983888,
    "task5": 0.39334341906202724
}
[INFO  10:08:45] Mean task accuracy: 0.9972
[INFO  10:08:55] Start training with parametrization:
{
    "dataset": {
        "name": "split_mnist",
        "kwargs": {
            "batch_size": 100,
            "shuffle_tasks": false
        }
    },
    "criterion": "BCE",
    "cl_method": "generative_replay",
    "dimensions": [
        784,
        40,
        40,
        2
    ],
    "epochs": 1,
    "learning_rate": 0.01,
    "nonlinearity": "relu",
    "n_replay": 1000,
    "optimizer": "sgd",
    "seed": 1,
    "test_samples": 1,
    "vae_batch_size": 128,
    "vae_epochs": 10,
    "vae_lr": 0.001,
    "vae_n_gaussian": 100,
    "vae_n_hidden": 400,
    "mult_mlp": false,
    "log_dir": "",
    "task": "split_mnist"
}
[INFO  10:08:55] Starting training of task 1
[INFO  10:08:56] epoch 0: train_acc: 0.8278 	 test_acc: 0.9972
[INFO  10:08:57] Task accuracies: {
    "task1": 0.9971631205673759,
    "task2": 0.47257590597453475,
    "task3": 0.39220917822838847,
    "task4": 0.5443101711983888,
    "task5": 0.39334341906202724
}
[INFO  10:08:57] Mean task accuracy: 0.9972
[INFO  10:09:35] Update replay buffer for generative replay.
[INFO  10:09:36] Starting training of task 2
[INFO  10:09:38] epoch 0: train_acc: 0.7437 	 test_acc: 0.8619
[INFO  10:09:39] Task accuracies: {
    "task1": 0.9943262411347518,
    "task2": 0.861900097943193,
    "task3": 0.6067235859124867,
    "task4": 0.6198388721047331,
    "task5": 0.43116490166414523
}
[INFO  10:09:39] Mean task accuracy: 0.9281
