[INFO  14:47:53] Permutation for splitMNIST:tensor([5, 6, 1, 2, 0, 8, 9, 3, 7, 4])
[INFO  14:47:53] Start training with parametrization:
{
    "dataset": {
        "name": "split_mnist",
        "kwargs": {
            "batch_size": 100,
            "shuffle_tasks": true
        }
    },
    "criterion": "BCE",
    "cl_method": "generative_replay",
    "dimensions": [
        784,
        40,
        40,
        2
    ],
    "epochs": 10,
    "learning_rate": 0.01,
    "nonlinearity": "relu",
    "n_replay": 1000,
    "optimizer": "sgd",
    "replay_weight": 0.5,
    "seed": 1,
    "single_vae": true,
    "test_samples": 1,
    "vae_batch_size": 128,
    "vae_epochs": 10,
    "vae_lr": 0.005,
    "vae_n_gaussian": 100,
    "vae_n_hidden": 400,
    "mult_mlp": false,
    "log_dir": "",
    "task": "split_mnist"
}
[INFO  14:47:53] Starting training of task 1
[INFO  14:47:55] epoch 0: train_acc: 0.7219 	 test_acc: 0.9752
[INFO  14:47:57] epoch 1: train_acc: 0.9722 	 test_acc: 0.9737
[INFO  14:47:58] epoch 2: train_acc: 0.9747 	 test_acc: 0.9786
[INFO  14:47:59] epoch 3: train_acc: 0.9768 	 test_acc: 0.9796
[INFO  14:48:01] epoch 4: train_acc: 0.9782 	 test_acc: 0.9791
[INFO  14:48:02] epoch 5: train_acc: 0.9797 	 test_acc: 0.9796
[INFO  14:48:03] epoch 6: train_acc: 0.9805 	 test_acc: 0.9801
[INFO  14:48:04] epoch 7: train_acc: 0.9817 	 test_acc: 0.9801
[INFO  14:48:06] epoch 8: train_acc: 0.9819 	 test_acc: 0.9816
[INFO  14:48:07] epoch 9: train_acc: 0.9825 	 test_acc: 0.9806
[INFO  14:48:08] Task accuracies: {
    "task1": 0.980635551142006,
    "task2": 0.1987242394504416,
    "task3": 0.897938662644545,
    "task4": 0.3703176861071598,
    "task5": 0.5686486486486486
}
[INFO  14:48:08] Mean task accuracy: 0.9806
