[INFO  17:15:52] Start training with parametrization:
{
    "dataset": {
        "name": "perm_mnist",
        "kwargs": {
            "batch_size": 100,
            "num_tasks": 10
        }
    },
    "cl_method": "generative_replay",
    "criterion": "cross_entropy",
    "dimensions": [
        784,
        200,
        200,
        10
    ],
    "epochs": 4,
    "learning_rate": 0.001,
    "nonlinearity": "relu",
    "n_replay": 1000,
    "optimizer": "sgd",
    "seed": null,
    "test_samples": 1,
    "vae_batch_size": 128,
    "vae_epochs": 4,
    "vae_lr": 0.001,
    "vae_n_gaussian": 20,
    "vae_n_hidden": 400,
    "mult_mlp": false,
    "log_dir": "",
    "task": "perm_mnist"
}
[INFO  17:15:52] Starting training of task 1
[INFO  17:16:05] epoch 0: train_acc: 0.9124 	 test_acc: 0.9642
[INFO  17:16:16] epoch 1: train_acc: 0.9699 	 test_acc: 0.9714
[INFO  17:16:27] epoch 2: train_acc: 0.9806 	 test_acc: 0.9773
[INFO  17:16:38] epoch 3: train_acc: 0.9852 	 test_acc: 0.9749
[INFO  17:16:55] Task accuracies: {
    "task1": 0.9749,
    "task10": 0.1226,
    "task2": 0.1025,
    "task3": 0.0615,
    "task4": 0.1156,
    "task5": 0.0855,
    "task6": 0.1035,
    "task7": 0.1195,
    "task8": 0.1162,
    "task9": 0.0754
}
[INFO  17:16:55] Mean task accuracy: 0.9749
[INFO  17:17:52] Update replay buffer for generative replay.
[INFO  17:17:52] Starting training of task 2
[INFO  17:18:05] epoch 0: train_acc: 0.9345 	 test_acc: 0.9649
[INFO  17:18:17] epoch 1: train_acc: 0.9747 	 test_acc: 0.9731
[INFO  17:18:29] epoch 2: train_acc: 0.9827 	 test_acc: 0.9745
[INFO  17:18:41] epoch 3: train_acc: 0.9871 	 test_acc: 0.9754
[INFO  17:18:58] Task accuracies: {
    "task1": 0.9708,
    "task10": 0.0838,
    "task2": 0.9754,
    "task3": 0.0694,
    "task4": 0.1394,
    "task5": 0.1047,
    "task6": 0.1202,
    "task7": 0.125,
    "task8": 0.0891,
    "task9": 0.064
}
[INFO  17:18:58] Mean task accuracy: 0.9731
[INFO  17:19:54] Update replay buffer for generative replay.
[INFO  17:19:55] Starting training of task 3
[INFO  17:20:08] epoch 0: train_acc: 0.9265 	 test_acc: 0.9602
[INFO  17:20:20] epoch 1: train_acc: 0.9706 	 test_acc: 0.9702
[INFO  17:20:31] epoch 2: train_acc: 0.9798 	 test_acc: 0.9733
[INFO  17:20:43] epoch 3: train_acc: 0.9849 	 test_acc: 0.9746
[INFO  17:21:02] Task accuracies: {
    "task1": 0.9482,
    "task10": 0.093,
    "task2": 0.9429,
    "task3": 0.9746,
    "task4": 0.1239,
    "task5": 0.1509,
    "task6": 0.127,
    "task7": 0.1039,
    "task8": 0.0963,
    "task9": 0.0925
}
[INFO  17:21:02] Mean task accuracy: 0.9552
[INFO  17:21:57] Update replay buffer for generative replay.
[INFO  17:21:59] Starting training of task 4
[INFO  17:22:11] epoch 0: train_acc: 0.9089 	 test_acc: 0.9621
[INFO  17:22:24] epoch 1: train_acc: 0.9661 	 test_acc: 0.9703
[INFO  17:22:35] epoch 2: train_acc: 0.9770 	 test_acc: 0.9732
[INFO  17:22:47] epoch 3: train_acc: 0.9826 	 test_acc: 0.9768
[INFO  17:23:05] Task accuracies: {
    "task1": 0.9452,
    "task10": 0.0724,
    "task2": 0.9208,
    "task3": 0.9633,
    "task4": 0.9768,
    "task5": 0.1444,
    "task6": 0.1218,
    "task7": 0.0928,
    "task8": 0.1114,
    "task9": 0.0764
}
[INFO  17:23:05] Mean task accuracy: 0.9515
[INFO  17:24:02] Update replay buffer for generative replay.
[INFO  17:24:04] Starting training of task 5
[INFO  17:24:16] epoch 0: train_acc: 0.9121 	 test_acc: 0.9574
[INFO  17:24:29] epoch 1: train_acc: 0.9654 	 test_acc: 0.9650
[INFO  17:24:45] epoch 2: train_acc: 0.9743 	 test_acc: 0.9709
[INFO  17:24:58] epoch 3: train_acc: 0.9797 	 test_acc: 0.9709
[INFO  17:25:18] Task accuracies: {
    "task1": 0.9269,
    "task10": 0.0845,
    "task2": 0.894,
    "task3": 0.9434,
    "task4": 0.9154,
    "task5": 0.9709,
    "task6": 0.1416,
    "task7": 0.0975,
    "task8": 0.1356,
    "task9": 0.1361
}
[INFO  17:25:18] Mean task accuracy: 0.9301
[INFO  17:26:15] Update replay buffer for generative replay.
[INFO  17:26:17] Starting training of task 6
[INFO  17:26:29] epoch 0: train_acc: 0.9160 	 test_acc: 0.9577
[INFO  17:26:41] epoch 1: train_acc: 0.9659 	 test_acc: 0.9653
[INFO  17:26:53] epoch 2: train_acc: 0.9751 	 test_acc: 0.9685
[INFO  17:27:05] epoch 3: train_acc: 0.9815 	 test_acc: 0.9704
[INFO  17:27:23] Task accuracies: {
    "task1": 0.8954,
    "task10": 0.0997,
    "task2": 0.8363,
    "task3": 0.901,
    "task4": 0.8811,
    "task5": 0.9568,
    "task6": 0.9704,
    "task7": 0.1081,
    "task8": 0.1488,
    "task9": 0.1061
}
[INFO  17:27:23] Mean task accuracy: 0.9068
[INFO  17:28:19] Update replay buffer for generative replay.
[INFO  17:28:22] Starting training of task 7
[INFO  17:28:36] epoch 0: train_acc: 0.8896 	 test_acc: 0.9535
[INFO  17:28:49] epoch 1: train_acc: 0.9647 	 test_acc: 0.9665
[INFO  17:29:01] epoch 2: train_acc: 0.9762 	 test_acc: 0.9693
[INFO  17:29:13] epoch 3: train_acc: 0.9828 	 test_acc: 0.9727
[INFO  17:29:32] Task accuracies: {
    "task1": 0.8918,
    "task10": 0.1049,
    "task2": 0.8384,
    "task3": 0.8863,
    "task4": 0.8592,
    "task5": 0.9432,
    "task6": 0.9622,
    "task7": 0.9727,
    "task8": 0.1457,
    "task9": 0.1252
}
[INFO  17:29:32] Mean task accuracy: 0.9077
[INFO  17:30:35] Update replay buffer for generative replay.
[INFO  17:30:39] Starting training of task 8
[INFO  17:30:52] epoch 0: train_acc: 0.9094 	 test_acc: 0.9551
[INFO  17:31:07] epoch 1: train_acc: 0.9644 	 test_acc: 0.9630
[INFO  17:31:19] epoch 2: train_acc: 0.9734 	 test_acc: 0.9694
[INFO  17:31:33] epoch 3: train_acc: 0.9792 	 test_acc: 0.9705
[INFO  17:31:54] Task accuracies: {
    "task1": 0.8791,
    "task10": 0.0928,
    "task2": 0.8001,
    "task3": 0.8511,
    "task4": 0.796,
    "task5": 0.9249,
    "task6": 0.929,
    "task7": 0.843,
    "task8": 0.9705,
    "task9": 0.1322
}
[INFO  17:31:54] Mean task accuracy: 0.8742
[INFO  17:32:52] Update replay buffer for generative replay.
[INFO  17:32:56] Starting training of task 9
[INFO  17:33:08] epoch 0: train_acc: 0.7913 	 test_acc: 0.9265
[INFO  17:33:21] epoch 1: train_acc: 0.9490 	 test_acc: 0.9558
[INFO  17:33:33] epoch 2: train_acc: 0.9646 	 test_acc: 0.9632
[INFO  17:33:45] epoch 3: train_acc: 0.9719 	 test_acc: 0.9663
[INFO  17:34:04] Task accuracies: {
    "task1": 0.8262,
    "task10": 0.1255,
    "task2": 0.7715,
    "task3": 0.825,
    "task4": 0.795,
    "task5": 0.8961,
    "task6": 0.9007,
    "task7": 0.8187,
    "task8": 0.9482,
    "task9": 0.9663
}
[INFO  17:34:04] Mean task accuracy: 0.8609
[INFO  17:35:01] Update replay buffer for generative replay.
[INFO  17:35:05] Starting training of task 10
[INFO  17:35:17] epoch 0: train_acc: 0.1063 	 test_acc: 0.1146
[INFO  17:35:29] epoch 1: train_acc: 0.1156 	 test_acc: 0.1143
[INFO  17:35:42] epoch 2: train_acc: 0.1564 	 test_acc: 0.2676
[INFO  17:35:54] epoch 3: train_acc: 0.6100 	 test_acc: 0.9252
[INFO  17:36:15] Task accuracies: {
    "task1": 0.8063,
    "task10": 0.9252,
    "task2": 0.7175,
    "task3": 0.8052,
    "task4": 0.7912,
    "task5": 0.8771,
    "task6": 0.8855,
    "task7": 0.8012,
    "task8": 0.9085,
    "task9": 0.7813
}
[INFO  17:36:15] Mean task accuracy: 0.8299
[INFO  17:37:16] Update replay buffer for generative replay.
