[INFO  17:49:26] Start training with parametrization:
{
    "dataset": {
        "name": "split_mnist",
        "kwargs": {
            "batch_size": 100,
            "shuffle_tasks": false
        }
    },
    "criterion": "BCE",
    "cl_method": "generative_replay",
    "dimensions": [
        784,
        40,
        40,
        2
    ],
    "epochs": 10,
    "learning_rate": 0.01,
    "nonlinearity": "relu",
    "n_replay": 1000,
    "optimizer": "sgd",
    "seed": 1,
    "test_samples": 1,
    "vae_batch_size": 128,
    "vae_epochs": 10,
    "vae_lr": 0.001,
    "vae_n_gaussian": 100,
    "vae_n_hidden": 400,
    "mult_mlp": false,
    "log_dir": "",
    "task": "split_mnist"
}
[INFO  17:49:26] Starting training of task 1
[INFO  17:49:28] epoch 0: train_acc: 0.8278 	 test_acc: 0.9972
[INFO  17:49:30] epoch 1: train_acc: 0.9912 	 test_acc: 0.9986
[INFO  17:49:32] epoch 2: train_acc: 0.9919 	 test_acc: 0.9986
[INFO  17:49:34] epoch 3: train_acc: 0.9922 	 test_acc: 0.9991
[INFO  17:49:36] epoch 4: train_acc: 0.9922 	 test_acc: 0.9991
[INFO  17:49:38] epoch 5: train_acc: 0.9925 	 test_acc: 0.9991
[INFO  17:49:40] epoch 6: train_acc: 0.9925 	 test_acc: 0.9991
[INFO  17:49:41] epoch 7: train_acc: 0.9927 	 test_acc: 0.9991
[INFO  17:49:43] epoch 8: train_acc: 0.9927 	 test_acc: 0.9991
[INFO  17:49:45] epoch 9: train_acc: 0.9927 	 test_acc: 0.9991
[INFO  17:49:46] Task accuracies: {
    "task1": 0.9990543735224586,
    "task2": 0.4764936336924584,
    "task3": 0.43810032017075773,
    "task4": 0.5886203423967774,
    "task5": 0.37014624306606153
}
[INFO  17:49:46] Mean task accuracy: 0.9991
[INFO  17:50:27] Update replay buffer for generative replay.
[INFO  17:50:30] Starting training of task 2
