[INFO  12:48:31] Permutation for splitMNIST:tensor([5, 6, 1, 2, 0, 8, 9, 3, 7, 4])
[INFO  12:48:31] Start training with parametrization:
{
    "dataset": {
        "name": "split_mnist",
        "kwargs": {
            "batch_size": 100,
            "shuffle_tasks": true
        }
    },
    "criterion": "BCE",
    "cl_method": "generative_replay",
    "dimensions": [
        784,
        40,
        40,
        2
    ],
    "epochs": 10,
    "learning_rate": 0.01,
    "nonlinearity": "relu",
    "n_replay": 1000,
    "optimizer": "sgd",
    "replay_weight": 0.5,
    "seed": 1,
    "test_samples": 1,
    "vae_batch_size": 128,
    "vae_epochs": 10,
    "vae_lr": 0.001,
    "vae_n_gaussian": 100,
    "vae_n_hidden": 400,
    "mult_mlp": false,
    "log_dir": "",
    "task": "split_mnist"
}
[INFO  12:48:31] Starting training of task 1
[INFO  12:48:32] epoch 0: train_acc: 0.7347 	 test_acc: 0.9747
[INFO  12:48:33] epoch 1: train_acc: 0.9722 	 test_acc: 0.9737
[INFO  12:48:35] epoch 2: train_acc: 0.9749 	 test_acc: 0.9777
[INFO  12:48:37] epoch 3: train_acc: 0.9770 	 test_acc: 0.9801
[INFO  12:48:39] epoch 4: train_acc: 0.9782 	 test_acc: 0.9796
[INFO  12:48:41] epoch 5: train_acc: 0.9797 	 test_acc: 0.9796
[INFO  12:48:43] epoch 6: train_acc: 0.9811 	 test_acc: 0.9796
[INFO  12:48:45] epoch 7: train_acc: 0.9817 	 test_acc: 0.9806
[INFO  12:48:46] epoch 8: train_acc: 0.9819 	 test_acc: 0.9806
[INFO  12:48:48] epoch 9: train_acc: 0.9827 	 test_acc: 0.9816
[INFO  12:48:49] Task accuracies: {
    "task1": 0.9816285998013903,
    "task2": 0.19823356231599606,
    "task3": 0.8903971845148315,
    "task4": 0.3660502607871029,
    "task5": 0.5686486486486486
}
[INFO  12:48:49] Mean task accuracy: 0.9816
[INFO  12:49:20] Update replay buffer for generative replay.
[INFO  12:49:21] Starting training of task 2
[INFO  12:49:23] epoch 0: train_acc: 0.6986 	 test_acc: 0.8906
[INFO  12:49:25] epoch 1: train_acc: 0.8867 	 test_acc: 0.9176
[INFO  12:49:26] epoch 2: train_acc: 0.9044 	 test_acc: 0.9249
[INFO  12:49:28] epoch 3: train_acc: 0.9130 	 test_acc: 0.9298
[INFO  12:49:29] epoch 4: train_acc: 0.9176 	 test_acc: 0.9318
[INFO  12:49:31] epoch 5: train_acc: 0.9212 	 test_acc: 0.9352
[INFO  12:49:32] epoch 6: train_acc: 0.9252 	 test_acc: 0.9401
[INFO  12:49:34] epoch 7: train_acc: 0.9297 	 test_acc: 0.9436
[INFO  12:49:36] epoch 8: train_acc: 0.9328 	 test_acc: 0.9455
[INFO  12:49:37] epoch 9: train_acc: 0.9357 	 test_acc: 0.9470
[INFO  12:49:38] Task accuracies: {
    "task1": 0.9270109235352533,
    "task2": 0.9470068694798822,
    "task3": 0.5620915032679739,
    "task4": 0.19724988146040778,
    "task5": 0.5643243243243243
}
[INFO  12:49:38] Mean task accuracy: 0.9370
[INFO  12:50:13] Update replay buffer for generative replay.
[INFO  12:50:15] Starting training of task 3
[INFO  12:50:17] epoch 0: train_acc: 0.8992 	 test_acc: 0.9708
[INFO  12:50:18] epoch 1: train_acc: 0.9576 	 test_acc: 0.9769
[INFO  12:50:20] epoch 2: train_acc: 0.9619 	 test_acc: 0.9809
[INFO  12:50:21] epoch 3: train_acc: 0.9645 	 test_acc: 0.9809
[INFO  12:50:23] epoch 4: train_acc: 0.9675 	 test_acc: 0.9824
[INFO  12:50:24] epoch 5: train_acc: 0.9690 	 test_acc: 0.9829
