[INFO  13:11:15] Start training with parametrization:
{
    "dataset": {
        "name": "split_mnist",
        "kwargs": {
            "batch_size": 100,
            "shuffle_tasks": false
        }
    },
    "criterion": "BCE",
    "cl_method": "generative_replay",
    "dimensions": [
        784,
        40,
        40,
        2
    ],
    "epochs": 10,
    "learning_rate": 0.01,
    "nonlinearity": "relu",
    "n_replay": 1000,
    "optimizer": "sgd",
    "replay_weight": 0.5,
    "seed": 1,
    "single_vae": false,
    "test_samples": 1,
    "vae_batch_size": 128,
    "vae_epochs": 20,
    "vae_lr": 0.005,
    "vae_n_gaussian": 100,
    "vae_n_hidden": 400,
    "mult_mlp": false,
    "log_dir": "",
    "task": "split_mnist"
}
[INFO  13:11:15] Starting training of task 1
[INFO  13:11:16] epoch 0: train_acc: 0.8278 	 test_acc: 0.9972
[INFO  13:11:18] epoch 1: train_acc: 0.9912 	 test_acc: 0.9986
[INFO  13:11:19] epoch 2: train_acc: 0.9919 	 test_acc: 0.9986
[INFO  13:11:20] epoch 3: train_acc: 0.9922 	 test_acc: 0.9991
[INFO  13:11:22] epoch 4: train_acc: 0.9922 	 test_acc: 0.9991
[INFO  13:11:23] epoch 5: train_acc: 0.9925 	 test_acc: 0.9991
[INFO  13:11:25] epoch 6: train_acc: 0.9925 	 test_acc: 0.9991
[INFO  13:11:26] epoch 7: train_acc: 0.9927 	 test_acc: 0.9991
[INFO  13:11:27] epoch 8: train_acc: 0.9927 	 test_acc: 0.9991
[INFO  13:11:28] epoch 9: train_acc: 0.9927 	 test_acc: 0.9991
[INFO  13:11:29] Task accuracies: {
    "task1": 0.9990543735224586,
    "task2": 0.4764936336924584,
    "task3": 0.43810032017075773,
    "task4": 0.5886203423967774,
    "task5": 0.37014624306606153
}
[INFO  13:11:29] Mean task accuracy: 0.9991
[INFO  13:12:37] Update replay buffer for generative replay.
[INFO  13:12:39] Starting training of task 2
[INFO  13:12:40] epoch 0: train_acc: 0.7705 	 test_acc: 0.8800
[INFO  13:12:41] epoch 1: train_acc: 0.9046 	 test_acc: 0.9241
[INFO  13:12:43] epoch 2: train_acc: 0.9254 	 test_acc: 0.9334
[INFO  13:12:45] epoch 3: train_acc: 0.9339 	 test_acc: 0.9417
[INFO  13:12:46] epoch 4: train_acc: 0.9382 	 test_acc: 0.9447
[INFO  13:12:47] epoch 5: train_acc: 0.9395 	 test_acc: 0.9496
[INFO  13:12:49] epoch 6: train_acc: 0.9425 	 test_acc: 0.9525
[INFO  13:12:50] epoch 7: train_acc: 0.9439 	 test_acc: 0.9525
[INFO  13:12:51] epoch 8: train_acc: 0.9452 	 test_acc: 0.9545
[INFO  13:12:53] epoch 9: train_acc: 0.9452 	 test_acc: 0.9574
[INFO  13:12:54] Task accuracies: {
    "task1": 0.9929078014184397,
    "task2": 0.9573947110675808,
    "task3": 0.6494130202774814,
    "task4": 0.6978851963746223,
    "task5": 0.464952092788704
}
[INFO  13:12:54] Mean task accuracy: 0.9752
[INFO  13:13:57] Update replay buffer for generative replay.
[INFO  13:13:58] Starting training of task 3
[INFO  13:13:59] epoch 0: train_acc: 0.7795 	 test_acc: 0.8591
[INFO  13:14:00] epoch 1: train_acc: 0.8713 	 test_acc: 0.9061
[INFO  13:14:02] epoch 2: train_acc: 0.9005 	 test_acc: 0.9216
[INFO  13:14:03] epoch 3: train_acc: 0.9143 	 test_acc: 0.9333
[INFO  13:14:04] epoch 4: train_acc: 0.9232 	 test_acc: 0.9397
[INFO  13:14:05] epoch 5: train_acc: 0.9298 	 test_acc: 0.9456
[INFO  13:14:07] epoch 6: train_acc: 0.9331 	 test_acc: 0.9488
[INFO  13:14:08] epoch 7: train_acc: 0.9359 	 test_acc: 0.9493
[INFO  13:14:09] epoch 8: train_acc: 0.9395 	 test_acc: 0.9509
[INFO  13:14:10] epoch 9: train_acc: 0.9409 	 test_acc: 0.9520
[INFO  13:14:11] Task accuracies: {
    "task1": 0.9588652482269504,
    "task2": 0.8883447600391773,
    "task3": 0.951974386339381,
    "task4": 0.5050352467270897,
    "task5": 0.23197175995965708
}
[INFO  13:14:11] Mean task accuracy: 0.9331
[INFO  13:15:08] Update replay buffer for generative replay.
[INFO  13:15:09] Starting training of task 4
[INFO  13:15:10] epoch 0: train_acc: 0.9070 	 test_acc: 0.9668
[INFO  13:15:11] epoch 1: train_acc: 0.9637 	 test_acc: 0.9743
[INFO  13:15:13] epoch 2: train_acc: 0.9686 	 test_acc: 0.9753
[INFO  13:15:14] epoch 3: train_acc: 0.9706 	 test_acc: 0.9763
[INFO  13:15:15] epoch 4: train_acc: 0.9717 	 test_acc: 0.9789
[INFO  13:15:17] epoch 5: train_acc: 0.9722 	 test_acc: 0.9783
[INFO  13:15:18] epoch 6: train_acc: 0.9734 	 test_acc: 0.9804
[INFO  13:15:19] epoch 7: train_acc: 0.9743 	 test_acc: 0.9804
[INFO  13:15:20] epoch 8: train_acc: 0.9741 	 test_acc: 0.9789
[INFO  13:15:22] epoch 9: train_acc: 0.9749 	 test_acc: 0.9794
[INFO  13:15:23] Task accuracies: {
    "task1": 0.9470449172576832,
    "task2": 0.8883447600391773,
    "task3": 0.9082177161152615,
    "task4": 0.9793554884189325,
    "task5": 0.41603630862329805
}
[INFO  13:15:23] Mean task accuracy: 0.9307
[INFO  13:16:28] Update replay buffer for generative replay.
[INFO  13:16:29] Starting training of task 5
[INFO  13:16:30] epoch 0: train_acc: 0.7738 	 test_acc: 0.8669
[INFO  13:16:31] epoch 1: train_acc: 0.8811 	 test_acc: 0.8961
[INFO  13:16:33] epoch 2: train_acc: 0.9007 	 test_acc: 0.9042
[INFO  13:16:34] epoch 3: train_acc: 0.9075 	 test_acc: 0.9062
[INFO  13:16:35] epoch 4: train_acc: 0.9144 	 test_acc: 0.9163
[INFO  13:16:36] epoch 5: train_acc: 0.9184 	 test_acc: 0.9168
[INFO  13:16:38] epoch 6: train_acc: 0.9213 	 test_acc: 0.9208
[INFO  13:16:39] epoch 7: train_acc: 0.9254 	 test_acc: 0.9249
[INFO  13:16:40] epoch 8: train_acc: 0.9271 	 test_acc: 0.9319
[INFO  13:16:41] epoch 9: train_acc: 0.9308 	 test_acc: 0.9314
[INFO  13:16:42] Task accuracies: {
    "task1": 0.875177304964539,
    "task2": 0.8932419196865817,
    "task3": 0.6931696905016008,
    "task4": 0.9853977844914401,
    "task5": 0.9314170448814927
}
[INFO  13:16:42] Mean task accuracy: 0.8757
[INFO  13:17:43] Update replay buffer for generative replay.
