[INFO  12:27:51] Start training with parametrization:
{
    "dataset": {
        "name": "split_mnist",
        "kwargs": {
            "batch_size": 100,
            "shuffle_tasks": false
        }
    },
    "criterion": "BCE",
    "cl_method": "simple_replay",
    "dimensions": [
        784,
        40,
        40,
        2
    ],
    "epochs": 10,
    "learning_rate": 0.01,
    "nonlinearity": "relu",
    "n_replay": 1000,
    "optimizer": "sgd",
    "seed": 1,
    "test_samples": 1,
    "vae_batch_size": 128,
    "vae_epochs": 10,
    "vae_lr": 0.001,
    "vae_n_gaussian": 100,
    "vae_n_hidden": 400,
    "mult_mlp": false,
    "log_dir": "",
    "task": "split_mnist"
}
[INFO  12:27:51] Starting training of task 1
[INFO  12:27:53] epoch 0: train_acc: 0.9644 	 test_acc: 0.9976
[INFO  12:27:55] epoch 1: train_acc: 0.9919 	 test_acc: 0.9991
[INFO  12:27:57] epoch 2: train_acc: 0.9923 	 test_acc: 0.9991
[INFO  12:28:00] epoch 3: train_acc: 0.9926 	 test_acc: 0.9991
[INFO  12:28:02] epoch 4: train_acc: 0.9927 	 test_acc: 0.9991
[INFO  12:28:04] epoch 5: train_acc: 0.9931 	 test_acc: 0.9991
[INFO  12:28:07] epoch 6: train_acc: 0.9932 	 test_acc: 0.9995
[INFO  12:28:10] epoch 7: train_acc: 0.9935 	 test_acc: 0.9995
[INFO  12:28:13] epoch 8: train_acc: 0.9937 	 test_acc: 0.9995
[INFO  12:28:15] epoch 9: train_acc: 0.9937 	 test_acc: 0.9995
[INFO  12:28:16] Task accuracies: {
    "task1": 0.9995271867612293,
    "task2": 0.48334965719882467,
    "task3": 0.4407684098185699,
    "task4": 0.6032225579053374,
    "task5": 0.4205748865355522
}
[INFO  12:28:16] Mean task accuracy: 0.9995
[INFO  12:28:16] Update replay buffer for simple replay.
[INFO  12:28:16] size of replay buffer: 1000
[INFO  12:28:16] Starting training of task 2
[INFO  12:28:21] epoch 0: train_acc: 0.7754 	 test_acc: 0.8448
[INFO  12:28:25] epoch 1: train_acc: 0.8866 	 test_acc: 0.9001
