[INFO  13:38:51] Start training with parametrization:
{
    "dataset": {
        "name": "split_mnist",
        "kwargs": {
            "batch_size": 100,
            "shuffle_tasks": false
        }
    },
    "criterion": "BCE",
    "cl_method": "generative_replay",
    "dimensions": [
        784,
        40,
        40,
        2
    ],
    "epochs": 10,
    "learning_rate": 0.01,
    "nonlinearity": "relu",
    "n_replay": 1000,
    "optimizer": "sgd",
    "replay_weight": 0.5,
    "seed": 1,
    "single_vae": true,
    "test_samples": 1,
    "vae_batch_size": 128,
    "vae_epochs": 20,
    "vae_lr": 0.005,
    "vae_n_gaussian": 100,
    "vae_n_hidden": 400,
    "mult_mlp": false,
    "log_dir": "",
    "task": "split_mnist"
}
[INFO  13:38:51] Starting training of task 1
[INFO  13:38:52] epoch 0: train_acc: 0.8168 	 test_acc: 0.9972
[INFO  13:38:53] epoch 1: train_acc: 0.9913 	 test_acc: 0.9986
[INFO  13:38:55] epoch 2: train_acc: 0.9917 	 test_acc: 0.9986
[INFO  13:38:56] epoch 3: train_acc: 0.9921 	 test_acc: 0.9991
[INFO  13:38:57] epoch 4: train_acc: 0.9923 	 test_acc: 0.9991
[INFO  13:38:59] epoch 5: train_acc: 0.9925 	 test_acc: 0.9991
[INFO  13:39:00] epoch 6: train_acc: 0.9925 	 test_acc: 0.9991
[INFO  13:39:01] epoch 7: train_acc: 0.9927 	 test_acc: 0.9991
[INFO  13:39:02] epoch 8: train_acc: 0.9927 	 test_acc: 0.9991
[INFO  13:39:03] epoch 9: train_acc: 0.9928 	 test_acc: 0.9991
[INFO  13:39:04] Task accuracies: {
    "task1": 0.9990543735224586,
    "task2": 0.47992164544564153,
    "task3": 0.43810032017075773,
    "task4": 0.5896273917421954,
    "task5": 0.3656076651538074
}
[INFO  13:39:04] Mean task accuracy: 0.9991
[INFO  13:40:09] Update replay buffer for generative replay.
[INFO  13:40:10] Starting training of task 2
[INFO  13:40:11] epoch 0: train_acc: 0.7724 	 test_acc: 0.8830
[INFO  13:40:12] epoch 1: train_acc: 0.9072 	 test_acc: 0.9256
[INFO  13:40:14] epoch 2: train_acc: 0.9285 	 test_acc: 0.9378
[INFO  13:40:15] epoch 3: train_acc: 0.9373 	 test_acc: 0.9471
[INFO  13:40:16] epoch 4: train_acc: 0.9421 	 test_acc: 0.9491
[INFO  13:40:17] epoch 5: train_acc: 0.9433 	 test_acc: 0.9549
[INFO  13:40:19] epoch 6: train_acc: 0.9462 	 test_acc: 0.9569
[INFO  13:40:20] epoch 7: train_acc: 0.9477 	 test_acc: 0.9569
[INFO  13:40:21] epoch 8: train_acc: 0.9481 	 test_acc: 0.9608
[INFO  13:40:23] epoch 9: train_acc: 0.9490 	 test_acc: 0.9603
[INFO  13:40:24] Task accuracies: {
    "task1": 0.9891252955082742,
    "task2": 0.9603330068560235,
    "task3": 0.6227321237993596,
    "task4": 0.8423967774420946,
    "task5": 0.5143721633888049
}
[INFO  13:40:24] Mean task accuracy: 0.9747
[INFO  13:41:52] Update replay buffer for generative replay.
[INFO  13:41:52] Starting training of task 3
[INFO  13:41:54] epoch 0: train_acc: 0.7780 	 test_acc: 0.8735
[INFO  13:41:55] epoch 1: train_acc: 0.8773 	 test_acc: 0.9093
[INFO  13:41:56] epoch 2: train_acc: 0.9052 	 test_acc: 0.9280
[INFO  13:41:57] epoch 3: train_acc: 0.9185 	 test_acc: 0.9381
[INFO  13:41:58] epoch 4: train_acc: 0.9258 	 test_acc: 0.9429
[INFO  13:42:00] epoch 5: train_acc: 0.9334 	 test_acc: 0.9472
[INFO  13:42:01] epoch 6: train_acc: 0.9361 	 test_acc: 0.9509
[INFO  13:42:02] epoch 7: train_acc: 0.9383 	 test_acc: 0.9520
[INFO  13:42:03] epoch 8: train_acc: 0.9423 	 test_acc: 0.9530
[INFO  13:42:05] epoch 9: train_acc: 0.9447 	 test_acc: 0.9525
[INFO  13:42:06] Task accuracies: {
    "task1": 0.9375886524822695,
    "task2": 0.885896180215475,
    "task3": 0.9525080042689434,
    "task4": 0.4959718026183283,
    "task5": 0.232476046394352
}
[INFO  13:42:06] Mean task accuracy: 0.9253
[INFO  13:43:27] Update replay buffer for generative replay.
[INFO  13:43:28] Starting training of task 4
[INFO  13:43:29] epoch 0: train_acc: 0.9068 	 test_acc: 0.9668
[INFO  13:43:31] epoch 1: train_acc: 0.9651 	 test_acc: 0.9738
[INFO  13:43:32] epoch 2: train_acc: 0.9705 	 test_acc: 0.9758
[INFO  13:43:33] epoch 3: train_acc: 0.9733 	 test_acc: 0.9758
[INFO  13:43:34] epoch 4: train_acc: 0.9737 	 test_acc: 0.9778
[INFO  13:43:36] epoch 5: train_acc: 0.9746 	 test_acc: 0.9794
[INFO  13:43:37] epoch 6: train_acc: 0.9754 	 test_acc: 0.9804
[INFO  13:43:38] epoch 7: train_acc: 0.9761 	 test_acc: 0.9804
[INFO  13:43:40] epoch 8: train_acc: 0.9768 	 test_acc: 0.9804
[INFO  13:43:41] epoch 9: train_acc: 0.9767 	 test_acc: 0.9804
[INFO  13:43:42] Task accuracies: {
    "task1": 0.8879432624113475,
    "task2": 0.8888344760039177,
    "task3": 0.9151547491995731,
    "task4": 0.9803625377643505,
    "task5": 0.44831064044377206
}
[INFO  13:43:42] Mean task accuracy: 0.9181
[INFO  13:45:10] Update replay buffer for generative replay.
[INFO  13:45:11] Starting training of task 5
[INFO  13:45:12] epoch 0: train_acc: 0.7922 	 test_acc: 0.8795
[INFO  13:45:13] epoch 1: train_acc: 0.8962 	 test_acc: 0.9002
[INFO  13:45:15] epoch 2: train_acc: 0.9108 	 test_acc: 0.9128
[INFO  13:45:16] epoch 3: train_acc: 0.9186 	 test_acc: 0.9198
[INFO  13:45:17] epoch 4: train_acc: 0.9226 	 test_acc: 0.9279
[INFO  13:45:18] epoch 5: train_acc: 0.9265 	 test_acc: 0.9314
[INFO  13:45:20] epoch 6: train_acc: 0.9303 	 test_acc: 0.9344
[INFO  13:45:21] epoch 7: train_acc: 0.9316 	 test_acc: 0.9365
[INFO  13:45:22] epoch 8: train_acc: 0.9340 	 test_acc: 0.9370
[INFO  13:45:24] epoch 9: train_acc: 0.9353 	 test_acc: 0.9405
[INFO  13:45:24] Task accuracies: {
    "task1": 0.83451536643026,
    "task2": 0.8824681684622919,
    "task3": 0.572572038420491,
    "task4": 0.9823766364551864,
    "task5": 0.940494200706001
}
[INFO  13:45:24] Mean task accuracy: 0.8425
[INFO  13:46:52] Update replay buffer for generative replay.
