[INFO  18:30:34] Start training with parametrization:
{
    "dataset": {
        "name": "perm_mnist",
        "kwargs": {
            "batch_size": 100,
            "num_tasks": 10
        }
    },
    "cl_method": "simple_replay",
    "criterion": "cross_entropy",
    "dimensions": [
        784,
        200,
        200,
        10
    ],
    "epochs": 10,
    "learning_rate": 0.001,
    "nonlinearity": "relu",
    "n_replay": 20,
    "optimizer": "sgd",
    "replay_epochs": 1,
    "seed": null,
    "test_samples": 1,
    "vae_batch_size": 100,
    "vae_epochs": 10,
    "vae_lr": 0.001,
    "vae_n_gaussian": 100,
    "vae_n_hidden": 100,
    "log_dir": "",
    "task": "perm_mnist"
}
[INFO  18:30:34] Starting training of task 1
[INFO  18:30:44] epoch 0: train_acc: 0.2983 	 test_acc: 0.5772
[INFO  18:30:55] epoch 1: train_acc: 0.6666 	 test_acc: 0.7151
[INFO  18:31:06] epoch 2: train_acc: 0.7390 	 test_acc: 0.7625
[INFO  18:31:17] epoch 3: train_acc: 0.7917 	 test_acc: 0.8203
[INFO  18:31:28] epoch 4: train_acc: 0.8335 	 test_acc: 0.8498
[INFO  18:31:42] epoch 5: train_acc: 0.8538 	 test_acc: 0.8639
[INFO  18:31:58] epoch 6: train_acc: 0.8657 	 test_acc: 0.8749
[INFO  18:32:17] epoch 7: train_acc: 0.8735 	 test_acc: 0.8836
[INFO  18:32:31] epoch 8: train_acc: 0.8798 	 test_acc: 0.8890
[INFO  18:32:43] epoch 9: train_acc: 0.8846 	 test_acc: 0.8934
[INFO  18:33:06] Task accuracies: {
    "task1": 0.8934,
    "task10": 0.1047,
    "task2": 0.0819,
    "task3": 0.1127,
    "task4": 0.0968,
    "task5": 0.1508,
    "task6": 0.0969,
    "task7": 0.1266,
    "task8": 0.128,
    "task9": 0.1277
}
[INFO  18:33:06] Mean task accuracy: 0.8934
[INFO  18:33:06] Update replay buffer for simple replay.
[INFO  18:33:06] size of replay buffer: 20
[INFO  18:33:06] Starting training of task 2
[INFO  18:33:20] epoch 0: train_acc: 0.3956 	 test_acc: 0.6462
[INFO  18:33:35] epoch 1: train_acc: 0.7084 	 test_acc: 0.7691
[INFO  18:33:49] epoch 2: train_acc: 0.7873 	 test_acc: 0.8182
[INFO  18:34:03] epoch 3: train_acc: 0.8244 	 test_acc: 0.8431
[INFO  18:34:18] epoch 4: train_acc: 0.8426 	 test_acc: 0.8583
[INFO  18:34:33] epoch 5: train_acc: 0.8549 	 test_acc: 0.8663
[INFO  18:34:47] epoch 6: train_acc: 0.8632 	 test_acc: 0.8713
[INFO  18:35:02] epoch 7: train_acc: 0.8696 	 test_acc: 0.8777
[INFO  18:35:18] epoch 8: train_acc: 0.8755 	 test_acc: 0.8832
[INFO  18:35:31] epoch 9: train_acc: 0.8796 	 test_acc: 0.8866
[INFO  18:35:51] Task accuracies: {
    "task1": 0.8707,
    "task10": 0.1447,
    "task2": 0.8866,
    "task3": 0.1102,
    "task4": 0.0927,
    "task5": 0.1318,
    "task6": 0.0989,
    "task7": 0.1444,
    "task8": 0.1552,
    "task9": 0.1245
}
[INFO  18:35:51] Mean task accuracy: 0.8787
[INFO  18:35:51] Update replay buffer for simple replay.
[INFO  18:35:51] size of replay buffer: 40
[INFO  18:35:51] Starting training of task 3
[INFO  18:36:07] epoch 0: train_acc: 0.3614 	 test_acc: 0.5830
[INFO  18:36:24] epoch 1: train_acc: 0.6811 	 test_acc: 0.7507
[INFO  18:36:40] epoch 2: train_acc: 0.7745 	 test_acc: 0.8042
[INFO  18:36:56] epoch 3: train_acc: 0.8119 	 test_acc: 0.8284
[INFO  18:37:11] epoch 4: train_acc: 0.8329 	 test_acc: 0.8417
[INFO  18:37:28] epoch 5: train_acc: 0.8465 	 test_acc: 0.8551
[INFO  18:37:45] epoch 6: train_acc: 0.8557 	 test_acc: 0.8641
[INFO  18:38:00] epoch 7: train_acc: 0.8626 	 test_acc: 0.8709
[INFO  18:38:16] epoch 8: train_acc: 0.8684 	 test_acc: 0.8770
[INFO  18:38:31] epoch 9: train_acc: 0.8725 	 test_acc: 0.8814
[INFO  18:38:49] Task accuracies: {
    "task1": 0.8579,
    "task10": 0.1299,
    "task2": 0.7878,
    "task3": 0.8814,
    "task4": 0.088,
    "task5": 0.1236,
    "task6": 0.1281,
    "task7": 0.1469,
    "task8": 0.1379,
    "task9": 0.1185
}
[INFO  18:38:49] Mean task accuracy: 0.8424
[INFO  18:38:49] Update replay buffer for simple replay.
[INFO  18:38:49] size of replay buffer: 60
[INFO  18:38:49] Starting training of task 4
[INFO  18:39:05] epoch 0: train_acc: 0.3705 	 test_acc: 0.5893
[INFO  18:39:23] epoch 1: train_acc: 0.6651 	 test_acc: 0.7323
[INFO  18:39:40] epoch 2: train_acc: 0.7532 	 test_acc: 0.7859
[INFO  18:39:59] epoch 3: train_acc: 0.7938 	 test_acc: 0.8151
[INFO  18:40:16] epoch 4: train_acc: 0.8162 	 test_acc: 0.8344
[INFO  18:40:32] epoch 5: train_acc: 0.8317 	 test_acc: 0.8446
[INFO  18:40:48] epoch 6: train_acc: 0.8419 	 test_acc: 0.8554
[INFO  18:41:04] epoch 7: train_acc: 0.8505 	 test_acc: 0.8645
[INFO  18:41:20] epoch 8: train_acc: 0.8565 	 test_acc: 0.8704
[INFO  18:41:36] epoch 9: train_acc: 0.8626 	 test_acc: 0.8749
[INFO  18:41:53] Task accuracies: {
    "task1": 0.8503,
    "task10": 0.1198,
    "task2": 0.788,
    "task3": 0.8055,
    "task4": 0.8749,
    "task5": 0.1293,
    "task6": 0.1297,
    "task7": 0.1391,
    "task8": 0.1384,
    "task9": 0.099
}
[INFO  18:41:53] Mean task accuracy: 0.8297
[INFO  18:41:53] Update replay buffer for simple replay.
[INFO  18:41:53] size of replay buffer: 80
[INFO  18:41:53] Starting training of task 5
[INFO  18:42:11] epoch 0: train_acc: 0.3515 	 test_acc: 0.5542
[INFO  18:42:29] epoch 1: train_acc: 0.6318 	 test_acc: 0.7123
[INFO  18:42:47] epoch 2: train_acc: 0.7324 	 test_acc: 0.7788
[INFO  18:43:04] epoch 3: train_acc: 0.7828 	 test_acc: 0.8109
[INFO  18:43:22] epoch 4: train_acc: 0.8093 	 test_acc: 0.8295
[INFO  18:43:39] epoch 5: train_acc: 0.8272 	 test_acc: 0.8417
[INFO  18:43:57] epoch 6: train_acc: 0.8392 	 test_acc: 0.8525
[INFO  18:44:14] epoch 7: train_acc: 0.8470 	 test_acc: 0.8595
[INFO  18:44:32] epoch 8: train_acc: 0.8536 	 test_acc: 0.8648
[INFO  18:44:50] epoch 9: train_acc: 0.8588 	 test_acc: 0.8698
[INFO  18:45:07] Task accuracies: {
    "task1": 0.8443,
    "task10": 0.1219,
    "task2": 0.7776,
    "task3": 0.8002,
    "task4": 0.7895,
    "task5": 0.8698,
    "task6": 0.1258,
    "task7": 0.1163,
    "task8": 0.1587,
    "task9": 0.0815
}
[INFO  18:45:07] Mean task accuracy: 0.8163
[INFO  18:45:07] Update replay buffer for simple replay.
[INFO  18:45:07] size of replay buffer: 100
[INFO  18:45:07] Starting training of task 6
[INFO  18:45:26] epoch 0: train_acc: 0.3646 	 test_acc: 0.5434
[INFO  18:45:45] epoch 1: train_acc: 0.6105 	 test_acc: 0.6780
[INFO  18:46:04] epoch 2: train_acc: 0.7014 	 test_acc: 0.7449
[INFO  18:46:23] epoch 3: train_acc: 0.7502 	 test_acc: 0.7820
[INFO  18:46:42] epoch 4: train_acc: 0.7794 	 test_acc: 0.8015
[INFO  18:47:02] epoch 5: train_acc: 0.8004 	 test_acc: 0.8178
[INFO  18:47:21] epoch 6: train_acc: 0.8159 	 test_acc: 0.8307
[INFO  18:47:40] epoch 7: train_acc: 0.8276 	 test_acc: 0.8399
[INFO  18:48:00] epoch 8: train_acc: 0.8367 	 test_acc: 0.8491
[INFO  18:48:19] epoch 9: train_acc: 0.8438 	 test_acc: 0.8572
[INFO  18:48:36] Task accuracies: {
    "task1": 0.8336,
    "task10": 0.1196,
    "task2": 0.7773,
    "task3": 0.7736,
    "task4": 0.781,
    "task5": 0.8077,
    "task6": 0.8572,
    "task7": 0.0979,
    "task8": 0.1371,
    "task9": 0.0871
}
[INFO  18:48:36] Mean task accuracy: 0.8051
[INFO  18:48:36] Update replay buffer for simple replay.
[INFO  18:48:36] size of replay buffer: 120
[INFO  18:48:36] Starting training of task 7
[INFO  18:48:52] epoch 0: train_acc: 0.2876 	 test_acc: 0.4879
[INFO  18:49:08] epoch 1: train_acc: 0.5827 	 test_acc: 0.6662
[INFO  18:49:24] epoch 2: train_acc: 0.6969 	 test_acc: 0.7387
[INFO  18:49:40] epoch 3: train_acc: 0.7509 	 test_acc: 0.7786
[INFO  18:49:55] epoch 4: train_acc: 0.7824 	 test_acc: 0.8035
[INFO  18:50:11] epoch 5: train_acc: 0.8027 	 test_acc: 0.8213
[INFO  18:50:27] epoch 6: train_acc: 0.8163 	 test_acc: 0.8325
[INFO  18:50:43] epoch 7: train_acc: 0.8281 	 test_acc: 0.8401
[INFO  18:50:59] epoch 8: train_acc: 0.8374 	 test_acc: 0.8463
[INFO  18:51:14] epoch 9: train_acc: 0.8448 	 test_acc: 0.8537
[INFO  18:51:32] Task accuracies: {
    "task1": 0.8204,
    "task10": 0.1168,
    "task2": 0.7713,
    "task3": 0.766,
    "task4": 0.7591,
    "task5": 0.7864,
    "task6": 0.7819,
    "task7": 0.8537,
    "task8": 0.1357,
    "task9": 0.1007
}
[INFO  18:51:32] Mean task accuracy: 0.7913
[INFO  18:51:32] Update replay buffer for simple replay.
[INFO  18:51:32] size of replay buffer: 140
[INFO  18:51:32] Starting training of task 8
[INFO  18:51:49] epoch 0: train_acc: 0.3354 	 test_acc: 0.4804
[INFO  18:52:05] epoch 1: train_acc: 0.5560 	 test_acc: 0.6283
[INFO  18:52:22] epoch 2: train_acc: 0.6652 	 test_acc: 0.7014
[INFO  18:52:39] epoch 3: train_acc: 0.7223 	 test_acc: 0.7448
[INFO  18:52:55] epoch 4: train_acc: 0.7571 	 test_acc: 0.7709
[INFO  18:53:12] epoch 5: train_acc: 0.7811 	 test_acc: 0.7897
[INFO  18:53:28] epoch 6: train_acc: 0.7990 	 test_acc: 0.8037
[INFO  18:53:45] epoch 7: train_acc: 0.8116 	 test_acc: 0.8172
[INFO  18:54:02] epoch 8: train_acc: 0.8212 	 test_acc: 0.8268
[INFO  18:54:18] epoch 9: train_acc: 0.8300 	 test_acc: 0.8339
[INFO  18:54:36] Task accuracies: {
    "task1": 0.8154,
    "task10": 0.1134,
    "task2": 0.7688,
    "task3": 0.7598,
    "task4": 0.7556,
    "task5": 0.7742,
    "task6": 0.7677,
    "task7": 0.8137,
    "task8": 0.8339,
    "task9": 0.1148
}
[INFO  18:54:36] Mean task accuracy: 0.7861
[INFO  18:54:36] Update replay buffer for simple replay.
[INFO  18:54:36] size of replay buffer: 160
[INFO  18:54:36] Starting training of task 9
[INFO  18:54:53] epoch 0: train_acc: 0.2611 	 test_acc: 0.4350
[INFO  18:55:14] epoch 1: train_acc: 0.5273 	 test_acc: 0.6092
[INFO  18:55:38] epoch 2: train_acc: 0.6439 	 test_acc: 0.6861
[INFO  18:56:00] epoch 3: train_acc: 0.7030 	 test_acc: 0.7332
[INFO  18:56:18] epoch 4: train_acc: 0.7414 	 test_acc: 0.7641
[INFO  18:56:38] epoch 5: train_acc: 0.7677 	 test_acc: 0.7860
[INFO  18:56:57] epoch 6: train_acc: 0.7875 	 test_acc: 0.8035
[INFO  18:57:16] epoch 7: train_acc: 0.8033 	 test_acc: 0.8166
[INFO  18:57:34] epoch 8: train_acc: 0.8152 	 test_acc: 0.8260
[INFO  18:57:53] epoch 9: train_acc: 0.8241 	 test_acc: 0.8345
[INFO  18:58:12] Task accuracies: {
    "task1": 0.8124,
    "task10": 0.1303,
    "task2": 0.7497,
    "task3": 0.7682,
    "task4": 0.7505,
    "task5": 0.7707,
    "task6": 0.7491,
    "task7": 0.806,
    "task8": 0.7837,
    "task9": 0.8345
}
[INFO  18:58:12] Mean task accuracy: 0.7805
[INFO  18:58:12] Update replay buffer for simple replay.
[INFO  18:58:12] size of replay buffer: 180
[INFO  18:58:12] Starting training of task 10
[INFO  18:58:32] epoch 0: train_acc: 0.3058 	 test_acc: 0.4499
[INFO  18:58:51] epoch 1: train_acc: 0.5308 	 test_acc: 0.6015
[INFO  18:59:11] epoch 2: train_acc: 0.6397 	 test_acc: 0.6759
[INFO  18:59:30] epoch 3: train_acc: 0.6976 	 test_acc: 0.7217
[INFO  18:59:50] epoch 4: train_acc: 0.7347 	 test_acc: 0.7531
[INFO  19:00:11] epoch 5: train_acc: 0.7609 	 test_acc: 0.7775
[INFO  19:00:30] epoch 6: train_acc: 0.7811 	 test_acc: 0.7916
[INFO  19:00:49] epoch 7: train_acc: 0.7960 	 test_acc: 0.8037
[INFO  19:01:09] epoch 8: train_acc: 0.8079 	 test_acc: 0.8149
[INFO  19:01:33] epoch 9: train_acc: 0.8175 	 test_acc: 0.8242
[INFO  19:01:59] Task accuracies: {
    "task1": 0.81,
    "task10": 0.8242,
    "task2": 0.7559,
    "task3": 0.7525,
    "task4": 0.7387,
    "task5": 0.7581,
    "task6": 0.7284,
    "task7": 0.7909,
    "task8": 0.7532,
    "task9": 0.7495
}
[INFO  19:01:59] Mean task accuracy: 0.7661
[INFO  19:01:59] Update replay buffer for simple replay.
[INFO  19:01:59] size of replay buffer: 200
