[INFO  08:54:55] Start training with parametrization:
{
    "dataset": {
        "name": "perm_mnist",
        "kwargs": {
            "batch_size": 100,
            "num_tasks": 10
        }
    },
    "cl_method": "generative_replay",
    "criterion": "cross_entropy",
    "dimensions": [
        784,
        200,
        200,
        10
    ],
    "epochs": 10,
    "learning_rate": 0.001,
    "nonlinearity": "relu",
    "n_replay": 1000,
    "optimizer": "sgd",
    "seed": null,
    "test_samples": 1,
    "vae_batch_size": 128,
    "vae_epochs": 10,
    "vae_lr": 0.001,
    "vae_n_gaussian": 20,
    "vae_n_hidden": 400,
    "mult_mlp": false,
    "log_dir": "",
    "task": "perm_mnist"
}
[INFO  08:54:55] Starting training of task 1
[INFO  08:55:12] epoch 0: train_acc: 0.9146 	 test_acc: 0.9581
[INFO  08:55:27] epoch 1: train_acc: 0.9698 	 test_acc: 0.9746
[INFO  08:55:42] epoch 2: train_acc: 0.9808 	 test_acc: 0.9757
[INFO  08:55:57] epoch 3: train_acc: 0.9850 	 test_acc: 0.9786
[INFO  08:56:12] epoch 4: train_acc: 0.9894 	 test_acc: 0.9796
[INFO  08:56:28] epoch 5: train_acc: 0.9919 	 test_acc: 0.9798
[INFO  08:56:43] epoch 6: train_acc: 0.9942 	 test_acc: 0.9812
[INFO  08:56:58] epoch 7: train_acc: 0.9950 	 test_acc: 0.9796
[INFO  08:57:13] epoch 8: train_acc: 0.9974 	 test_acc: 0.9808
[INFO  08:57:28] epoch 9: train_acc: 0.9986 	 test_acc: 0.9836
[INFO  08:57:54] Task accuracies: {
    "task1": 0.9836,
    "task10": 0.0914,
    "task2": 0.0832,
    "task3": 0.1215,
    "task4": 0.1302,
    "task5": 0.101,
    "task6": 0.0764,
    "task7": 0.1522,
    "task8": 0.0964,
    "task9": 0.1344
}
[INFO  08:57:54] Mean task accuracy: 0.9836
[INFO  09:01:18] Update replay buffer for generative replay.
[INFO  09:01:18] Starting training of task 2
[INFO  09:01:35] epoch 0: train_acc: 0.9175 	 test_acc: 0.9628
[INFO  09:01:52] epoch 1: train_acc: 0.9667 	 test_acc: 0.9667
[INFO  09:02:09] epoch 2: train_acc: 0.9772 	 test_acc: 0.9707
[INFO  09:02:25] epoch 3: train_acc: 0.9824 	 test_acc: 0.9747
[INFO  09:02:43] epoch 4: train_acc: 0.9867 	 test_acc: 0.9781
[INFO  09:03:01] epoch 5: train_acc: 0.9892 	 test_acc: 0.9764
[INFO  09:03:17] epoch 6: train_acc: 0.9923 	 test_acc: 0.9776
[INFO  09:03:37] epoch 7: train_acc: 0.9941 	 test_acc: 0.9783
[INFO  09:03:54] epoch 8: train_acc: 0.9957 	 test_acc: 0.9803
[INFO  09:04:10] epoch 9: train_acc: 0.9968 	 test_acc: 0.9798
[INFO  09:04:35] Task accuracies: {
    "task1": 0.9693,
    "task10": 0.1048,
    "task2": 0.9798,
    "task3": 0.0923,
    "task4": 0.1129,
    "task5": 0.0886,
    "task6": 0.0762,
    "task7": 0.154,
    "task8": 0.1147,
    "task9": 0.1079
}
[INFO  09:04:35] Mean task accuracy: 0.9746
[INFO  09:08:47] Update replay buffer for generative replay.
[INFO  09:08:48] Starting training of task 3
[INFO  09:09:11] epoch 0: train_acc: 0.8984 	 test_acc: 0.9482
[INFO  09:09:31] epoch 1: train_acc: 0.9593 	 test_acc: 0.9610
[INFO  09:09:52] epoch 2: train_acc: 0.9677 	 test_acc: 0.9618
[INFO  09:10:12] epoch 3: train_acc: 0.9732 	 test_acc: 0.9672
[INFO  09:10:37] epoch 4: train_acc: 0.9780 	 test_acc: 0.9667
[INFO  09:10:57] epoch 5: train_acc: 0.9820 	 test_acc: 0.9676
[INFO  09:11:18] epoch 6: train_acc: 0.9850 	 test_acc: 0.9701
[INFO  09:11:39] epoch 7: train_acc: 0.9866 	 test_acc: 0.9709
[INFO  09:12:00] epoch 8: train_acc: 0.9884 	 test_acc: 0.9722
[INFO  09:12:20] epoch 9: train_acc: 0.9902 	 test_acc: 0.9709
[INFO  09:12:51] Task accuracies: {
    "task1": 0.9421,
    "task10": 0.1524,
    "task2": 0.9365,
    "task3": 0.9709,
    "task4": 0.1379,
    "task5": 0.0903,
    "task6": 0.1081,
    "task7": 0.1386,
    "task8": 0.0633,
    "task9": 0.1132
}
[INFO  09:12:51] Mean task accuracy: 0.9498
[INFO  09:17:18] Update replay buffer for generative replay.
[INFO  09:17:20] Starting training of task 4
[INFO  09:17:41] epoch 0: train_acc: 0.9075 	 test_acc: 0.9449
[INFO  09:18:02] epoch 1: train_acc: 0.9645 	 test_acc: 0.9675
[INFO  09:18:24] epoch 2: train_acc: 0.9753 	 test_acc: 0.9694
[INFO  09:18:44] epoch 3: train_acc: 0.9812 	 test_acc: 0.9727
[INFO  09:19:05] epoch 4: train_acc: 0.9869 	 test_acc: 0.9738
[INFO  09:19:25] epoch 5: train_acc: 0.9895 	 test_acc: 0.9740
[INFO  09:19:45] epoch 6: train_acc: 0.9927 	 test_acc: 0.9737
[INFO  09:20:04] epoch 7: train_acc: 0.9945 	 test_acc: 0.9742
[INFO  09:20:25] epoch 8: train_acc: 0.9962 	 test_acc: 0.9737
[INFO  09:20:45] epoch 9: train_acc: 0.9973 	 test_acc: 0.9753
[INFO  09:21:19] Task accuracies: {
    "task1": 0.9253,
    "task10": 0.1222,
    "task2": 0.8922,
    "task3": 0.9627,
    "task4": 0.9753,
    "task5": 0.0788,
    "task6": 0.0835,
    "task7": 0.1758,
    "task8": 0.0682,
    "task9": 0.1129
}
[INFO  09:21:19] Mean task accuracy: 0.9389
[INFO  09:25:15] Update replay buffer for generative replay.
[INFO  09:25:18] Starting training of task 5
[INFO  09:25:37] epoch 0: train_acc: 0.8748 	 test_acc: 0.9517
[INFO  09:25:55] epoch 1: train_acc: 0.9625 	 test_acc: 0.9629
[INFO  09:26:14] epoch 2: train_acc: 0.9748 	 test_acc: 0.9680
[INFO  09:26:34] epoch 3: train_acc: 0.9818 	 test_acc: 0.9735
[INFO  09:26:52] epoch 4: train_acc: 0.9864 	 test_acc: 0.9743
[INFO  09:27:12] epoch 5: train_acc: 0.9897 	 test_acc: 0.9742
[INFO  09:27:33] epoch 6: train_acc: 0.9925 	 test_acc: 0.9770
[INFO  09:27:53] epoch 7: train_acc: 0.9949 	 test_acc: 0.9750
[INFO  09:28:13] epoch 8: train_acc: 0.9966 	 test_acc: 0.9756
[INFO  09:28:33] epoch 9: train_acc: 0.9975 	 test_acc: 0.9784
[INFO  09:29:04] Task accuracies: {
    "task1": 0.9063,
    "task10": 0.1174,
    "task2": 0.8718,
    "task3": 0.949,
    "task4": 0.9644,
    "task5": 0.9784,
    "task6": 0.0761,
    "task7": 0.1699,
    "task8": 0.0483,
    "task9": 0.1049
}
[INFO  09:29:04] Mean task accuracy: 0.9340
[INFO  09:33:06] Update replay buffer for generative replay.
[INFO  09:33:09] Starting training of task 6
[INFO  09:33:29] epoch 0: train_acc: 0.8890 	 test_acc: 0.9380
[INFO  09:33:49] epoch 1: train_acc: 0.9522 	 test_acc: 0.9504
[INFO  09:34:10] epoch 2: train_acc: 0.9645 	 test_acc: 0.9616
[INFO  09:34:32] epoch 3: train_acc: 0.9717 	 test_acc: 0.9623
[INFO  09:34:52] epoch 4: train_acc: 0.9756 	 test_acc: 0.9598
[INFO  09:35:13] epoch 5: train_acc: 0.9794 	 test_acc: 0.9654
[INFO  09:35:33] epoch 6: train_acc: 0.9826 	 test_acc: 0.9684
[INFO  09:35:52] epoch 7: train_acc: 0.9848 	 test_acc: 0.9668
[INFO  09:36:13] epoch 8: train_acc: 0.9873 	 test_acc: 0.9682
[INFO  09:36:33] epoch 9: train_acc: 0.9896 	 test_acc: 0.9722
[INFO  09:37:04] Task accuracies: {
    "task1": 0.8227,
    "task10": 0.1402,
    "task2": 0.8446,
    "task3": 0.896,
    "task4": 0.7975,
    "task5": 0.6912,
    "task6": 0.9722,
    "task7": 0.1105,
    "task8": 0.1157,
    "task9": 0.1487
}
[INFO  09:37:04] Mean task accuracy: 0.8374
[INFO  09:40:49] Update replay buffer for generative replay.
[INFO  09:40:53] Starting training of task 7
[INFO  09:41:12] epoch 0: train_acc: 0.8284 	 test_acc: 0.9407
[INFO  09:41:31] epoch 1: train_acc: 0.9542 	 test_acc: 0.9556
[INFO  09:41:49] epoch 2: train_acc: 0.9694 	 test_acc: 0.9652
[INFO  09:42:08] epoch 3: train_acc: 0.9757 	 test_acc: 0.9698
[INFO  09:42:28] epoch 4: train_acc: 0.9808 	 test_acc: 0.9687
[INFO  09:42:47] epoch 5: train_acc: 0.9853 	 test_acc: 0.9725
[INFO  09:43:06] epoch 6: train_acc: 0.9886 	 test_acc: 0.9702
[INFO  09:43:25] epoch 7: train_acc: 0.9908 	 test_acc: 0.9672
[INFO  09:43:43] epoch 8: train_acc: 0.9931 	 test_acc: 0.9713
[INFO  09:44:01] epoch 9: train_acc: 0.9948 	 test_acc: 0.9692
[INFO  09:44:26] Task accuracies: {
    "task1": 0.8485,
    "task10": 0.1004,
    "task2": 0.839,
    "task3": 0.8905,
    "task4": 0.8133,
    "task5": 0.8135,
    "task6": 0.9535,
    "task7": 0.9692,
    "task8": 0.0927,
    "task9": 0.1453
}
[INFO  09:44:26] Mean task accuracy: 0.8754
[INFO  09:48:22] Update replay buffer for generative replay.
[INFO  09:48:27] Starting training of task 8
[INFO  09:48:45] epoch 0: train_acc: 0.8542 	 test_acc: 0.9461
[INFO  09:49:04] epoch 1: train_acc: 0.9535 	 test_acc: 0.9527
[INFO  09:49:21] epoch 2: train_acc: 0.9657 	 test_acc: 0.9626
[INFO  09:49:37] epoch 3: train_acc: 0.9726 	 test_acc: 0.9633
[INFO  09:49:54] epoch 4: train_acc: 0.9780 	 test_acc: 0.9675
[INFO  09:50:13] epoch 5: train_acc: 0.9828 	 test_acc: 0.9698
[INFO  09:50:32] epoch 6: train_acc: 0.9847 	 test_acc: 0.9727
[INFO  09:50:52] epoch 7: train_acc: 0.9873 	 test_acc: 0.9720
[INFO  10:09:31] epoch 8: train_acc: 0.9896 	 test_acc: 0.9738
[INFO  10:10:24] epoch 9: train_acc: 0.9921 	 test_acc: 0.9738
[INFO  10:31:41] Task accuracies: {
    "task1": 0.8288,
    "task10": 0.1133,
    "task2": 0.8051,
    "task3": 0.8706,
    "task4": 0.8029,
    "task5": 0.7612,
    "task6": 0.9168,
    "task7": 0.7999,
    "task8": 0.9738,
    "task9": 0.1286
}
[INFO  10:31:41] Mean task accuracy: 0.8449
[INFO  11:19:58] Update replay buffer for generative replay.
[INFO  11:20:02] Starting training of task 9
[INFO  11:20:18] epoch 0: train_acc: 0.8621 	 test_acc: 0.9398
[INFO  11:20:35] epoch 1: train_acc: 0.9542 	 test_acc: 0.9553
[INFO  11:20:51] epoch 2: train_acc: 0.9671 	 test_acc: 0.9602
[INFO  11:21:08] epoch 3: train_acc: 0.9762 	 test_acc: 0.9667
[INFO  11:21:24] epoch 4: train_acc: 0.9815 	 test_acc: 0.9687
[INFO  11:21:40] epoch 5: train_acc: 0.9833 	 test_acc: 0.9705
[INFO  11:21:56] epoch 6: train_acc: 0.9881 	 test_acc: 0.9709
[INFO  11:22:13] epoch 7: train_acc: 0.9910 	 test_acc: 0.9727
[INFO  11:22:29] epoch 8: train_acc: 0.9933 	 test_acc: 0.9721
[INFO  11:22:45] epoch 9: train_acc: 0.9950 	 test_acc: 0.9737
[INFO  11:23:11] Task accuracies: {
    "task1": 0.8111,
    "task10": 0.1166,
    "task2": 0.8075,
    "task3": 0.8502,
    "task4": 0.7939,
    "task5": 0.8425,
    "task6": 0.8708,
    "task7": 0.749,
    "task8": 0.9611,
    "task9": 0.9737
}
[INFO  11:23:11] Mean task accuracy: 0.8511
[INFO  11:26:24] Update replay buffer for generative replay.
[INFO  11:26:28] Starting training of task 10
[INFO  11:26:45] epoch 0: train_acc: 0.8481 	 test_acc: 0.9414
[INFO  11:27:01] epoch 1: train_acc: 0.9538 	 test_acc: 0.9482
[INFO  11:27:17] epoch 2: train_acc: 0.9668 	 test_acc: 0.9582
[INFO  11:27:34] epoch 3: train_acc: 0.9749 	 test_acc: 0.9685
[INFO  11:27:50] epoch 4: train_acc: 0.9805 	 test_acc: 0.9712
[INFO  11:28:07] epoch 5: train_acc: 0.9853 	 test_acc: 0.9698
[INFO  11:28:24] epoch 6: train_acc: 0.9883 	 test_acc: 0.9721
[INFO  11:28:40] epoch 7: train_acc: 0.9906 	 test_acc: 0.9726
[INFO  11:28:57] epoch 8: train_acc: 0.9928 	 test_acc: 0.9683
[INFO  11:29:14] epoch 9: train_acc: 0.9952 	 test_acc: 0.9734
[INFO  11:29:39] Task accuracies: {
    "task1": 0.7864,
    "task10": 0.9734,
    "task2": 0.7757,
    "task3": 0.8329,
    "task4": 0.7739,
    "task5": 0.826,
    "task6": 0.7912,
    "task7": 0.7631,
    "task8": 0.9428,
    "task9": 0.9243
}
[INFO  11:29:39] Mean task accuracy: 0.8390
[INFO  11:32:55] Update replay buffer for generative replay.
