[INFO  13:33:55] Start training with parametrization:
{
    "dataset": {
        "name": "split_mnist",
        "kwargs": {
            "batch_size": 100,
            "shuffle_tasks": false
        }
    },
    "criterion": "BCE",
    "cl_method": "generative_replay",
    "dimensions": [
        784,
        40,
        40,
        2
    ],
    "epochs": 10,
    "learning_rate": 0.01,
    "nonlinearity": "relu",
    "n_replay": 1000,
    "optimizer": "sgd",
    "seed": 1,
    "test_samples": 1,
    "vae_batch_size": 128,
    "vae_epochs": 10,
    "vae_lr": 0.0005,
    "vae_n_gaussian": 100,
    "vae_n_hidden": 400,
    "mult_mlp": false,
    "log_dir": "",
    "task": "split_mnist"
}
[INFO  13:33:55] Starting training of task 1
[INFO  13:33:56] epoch 0: train_acc: 0.8278 	 test_acc: 0.9972
[INFO  13:33:58] epoch 1: train_acc: 0.9912 	 test_acc: 0.9986
[INFO  13:33:59] epoch 2: train_acc: 0.9919 	 test_acc: 0.9986
[INFO  13:34:01] epoch 3: train_acc: 0.9922 	 test_acc: 0.9991
[INFO  13:34:02] epoch 4: train_acc: 0.9922 	 test_acc: 0.9991
[INFO  13:34:03] epoch 5: train_acc: 0.9925 	 test_acc: 0.9991
[INFO  13:34:05] epoch 6: train_acc: 0.9925 	 test_acc: 0.9991
[INFO  13:34:06] epoch 7: train_acc: 0.9927 	 test_acc: 0.9991
[INFO  13:34:08] epoch 8: train_acc: 0.9927 	 test_acc: 0.9991
[INFO  13:34:09] epoch 9: train_acc: 0.9927 	 test_acc: 0.9991
[INFO  13:34:10] Task accuracies: {
    "task1": 0.9990543735224586,
    "task2": 0.4764936336924584,
    "task3": 0.43810032017075773,
    "task4": 0.5886203423967774,
    "task5": 0.37014624306606153
}
[INFO  13:34:10] Mean task accuracy: 0.9991
[INFO  13:34:48] Update replay buffer for generative replay.
[INFO  13:34:50] Starting training of task 2
[INFO  13:34:52] epoch 0: train_acc: 0.7516 	 test_acc: 0.8438
[INFO  13:34:54] epoch 1: train_acc: 0.8680 	 test_acc: 0.8707
[INFO  13:34:56] epoch 2: train_acc: 0.8864 	 test_acc: 0.8883
[INFO  13:34:58] epoch 3: train_acc: 0.8987 	 test_acc: 0.8991
[INFO  13:35:00] epoch 4: train_acc: 0.9049 	 test_acc: 0.9074
[INFO  13:35:02] epoch 5: train_acc: 0.9097 	 test_acc: 0.9133
[INFO  13:35:03] epoch 6: train_acc: 0.9128 	 test_acc: 0.9153
[INFO  13:35:05] epoch 7: train_acc: 0.9154 	 test_acc: 0.9202
[INFO  13:35:06] epoch 8: train_acc: 0.9176 	 test_acc: 0.9177
[INFO  13:35:08] epoch 9: train_acc: 0.9219 	 test_acc: 0.9197
[INFO  13:35:09] Task accuracies: {
    "task1": 0.9929078014184397,
    "task2": 0.9196865817825661,
    "task3": 0.5843116328708644,
    "task4": 0.8157099697885196,
    "task5": 0.44831064044377206
}
[INFO  13:35:09] Mean task accuracy: 0.9563
