[INFO  14:50:18] Start training with parametrization:
{
    "dataset": {
        "name": "perm_mnist",
        "kwargs": {
            "batch_size": 100,
            "num_tasks": 10
        }
    },
    "cl_method": "generative_replay_mult_vae",
    "criterion": "cross_entropy",
    "dimensions": [
        784,
        200,
        200,
        10
    ],
    "epochs": 10,
    "learning_rate": 0.001,
    "nonlinearity": "relu",
    "n_replay": 20,
    "optimizer": "sgd",
    "seed": null,
    "test_samples": 1,
    "vae_batch_size": 100,
    "vae_epochs": 10,
    "vae_lr": 0.001,
    "vae_n_gaussian": 100,
    "vae_n_hidden": 100,
    "mult_mlp": true,
    "log_dir": "",
    "task": "perm_mnist"
}
[INFO  14:50:18] Starting training of task 1
[INFO  14:50:30] epoch 0: train_acc: 0.3258 	 test_acc: 0.5559
[INFO  14:50:42] epoch 1: train_acc: 0.6380 	 test_acc: 0.7025
[INFO  14:50:54] epoch 2: train_acc: 0.7395 	 test_acc: 0.7868
[INFO  14:51:09] epoch 3: train_acc: 0.8041 	 test_acc: 0.8292
[INFO  14:51:26] epoch 4: train_acc: 0.8359 	 test_acc: 0.8506
[INFO  14:51:46] epoch 5: train_acc: 0.8533 	 test_acc: 0.8630
[INFO  14:52:07] epoch 6: train_acc: 0.8654 	 test_acc: 0.8745
[INFO  14:52:27] epoch 7: train_acc: 0.8741 	 test_acc: 0.8817
[INFO  14:52:49] epoch 8: train_acc: 0.8813 	 test_acc: 0.8897
[INFO  14:53:02] epoch 9: train_acc: 0.8858 	 test_acc: 0.8951
[INFO  14:53:23] Task accuracies: {
    "task1": 0.8951,
    "task10": 0.1002,
    "task2": 0.0695,
    "task3": 0.1938,
    "task4": 0.1661,
    "task5": 0.1881,
    "task6": 0.0876,
    "task7": 0.0913,
    "task8": 0.0885,
    "task9": 0.1347
}
[INFO  14:53:23] Mean task accuracy: 0.8951
[INFO  14:53:40] Starting training of task 2
[INFO  14:53:57] epoch 0: train_acc: 0.3762 	 test_acc: 0.5946
[INFO  14:54:10] epoch 1: train_acc: 0.6779 	 test_acc: 0.7522
[INFO  14:54:23] epoch 2: train_acc: 0.7746 	 test_acc: 0.8084
[INFO  14:54:36] epoch 3: train_acc: 0.8148 	 test_acc: 0.8358
[INFO  14:54:53] epoch 4: train_acc: 0.8365 	 test_acc: 0.8520
[INFO  14:55:06] epoch 5: train_acc: 0.8499 	 test_acc: 0.8630
[INFO  14:55:21] epoch 6: train_acc: 0.8592 	 test_acc: 0.8714
[INFO  14:55:34] epoch 7: train_acc: 0.8672 	 test_acc: 0.8749
[INFO  14:55:47] epoch 8: train_acc: 0.8726 	 test_acc: 0.8803
[INFO  14:56:03] epoch 9: train_acc: 0.8773 	 test_acc: 0.8854
[INFO  14:56:28] Task accuracies: {
    "task1": 0.5341,
    "task10": 0.1264,
    "task2": 0.8854,
    "task3": 0.2041,
    "task4": 0.1613,
    "task5": 0.1492,
    "task6": 0.1253,
    "task7": 0.0861,
    "task8": 0.1171,
    "task9": 0.121
}
[INFO  14:56:28] Mean task accuracy: 0.7097
[INFO  14:56:41] Starting training of task 3
[INFO  14:56:54] epoch 0: train_acc: 0.4518 	 test_acc: 0.6291
[INFO  14:57:08] epoch 1: train_acc: 0.6819 	 test_acc: 0.7359
[INFO  14:57:23] epoch 2: train_acc: 0.7544 	 test_acc: 0.7885
[INFO  14:57:38] epoch 3: train_acc: 0.7935 	 test_acc: 0.8151
[INFO  14:57:52] epoch 4: train_acc: 0.8169 	 test_acc: 0.8354
[INFO  14:58:08] epoch 5: train_acc: 0.8327 	 test_acc: 0.8472
[INFO  14:58:24] epoch 6: train_acc: 0.8440 	 test_acc: 0.8569
[INFO  14:58:38] epoch 7: train_acc: 0.8535 	 test_acc: 0.8644
[INFO  14:58:54] epoch 8: train_acc: 0.8611 	 test_acc: 0.8707
[INFO  14:59:09] epoch 9: train_acc: 0.8669 	 test_acc: 0.8762
[INFO  14:59:30] Task accuracies: {
    "task1": 0.72,
    "task10": 0.1183,
    "task2": 0.4689,
    "task3": 0.8762,
    "task4": 0.142,
    "task5": 0.1371,
    "task6": 0.1324,
    "task7": 0.0819,
    "task8": 0.0877,
    "task9": 0.1078
}
[INFO  14:59:30] Mean task accuracy: 0.6884
[INFO  14:59:44] Starting training of task 4
[INFO  14:59:58] epoch 0: train_acc: 0.4426 	 test_acc: 0.6284
[INFO  15:00:10] epoch 1: train_acc: 0.6853 	 test_acc: 0.7387
[INFO  15:00:23] epoch 2: train_acc: 0.7608 	 test_acc: 0.7872
[INFO  15:00:36] epoch 3: train_acc: 0.7968 	 test_acc: 0.8136
[INFO  15:00:50] epoch 4: train_acc: 0.8186 	 test_acc: 0.8309
[INFO  15:01:04] epoch 5: train_acc: 0.8337 	 test_acc: 0.8432
[INFO  15:01:21] epoch 6: train_acc: 0.8441 	 test_acc: 0.8524
[INFO  15:01:36] epoch 7: train_acc: 0.8525 	 test_acc: 0.8604
[INFO  15:01:49] epoch 8: train_acc: 0.8595 	 test_acc: 0.8658
[INFO  15:02:02] epoch 9: train_acc: 0.8657 	 test_acc: 0.8707
[INFO  15:02:26] Task accuracies: {
    "task1": 0.7264,
    "task10": 0.1344,
    "task2": 0.6287,
    "task3": 0.5356,
    "task4": 0.8707,
    "task5": 0.1483,
    "task6": 0.164,
    "task7": 0.0939,
    "task8": 0.0864,
    "task9": 0.1179
}
[INFO  15:02:26] Mean task accuracy: 0.6904
[INFO  15:02:40] Starting training of task 5
[INFO  15:02:58] epoch 0: train_acc: 0.4090 	 test_acc: 0.5887
[INFO  15:03:12] epoch 1: train_acc: 0.6533 	 test_acc: 0.7134
[INFO  15:03:26] epoch 2: train_acc: 0.7315 	 test_acc: 0.7680
[INFO  15:03:39] epoch 3: train_acc: 0.7713 	 test_acc: 0.8002
[INFO  15:03:55] epoch 4: train_acc: 0.7960 	 test_acc: 0.8207
[INFO  15:04:12] epoch 5: train_acc: 0.8133 	 test_acc: 0.8296
[INFO  15:04:27] epoch 6: train_acc: 0.8248 	 test_acc: 0.8397
[INFO  15:04:41] epoch 7: train_acc: 0.8344 	 test_acc: 0.8489
[INFO  15:04:55] epoch 8: train_acc: 0.8420 	 test_acc: 0.8551
[INFO  15:05:11] epoch 9: train_acc: 0.8482 	 test_acc: 0.8600
[INFO  15:05:31] Task accuracies: {
    "task1": 0.7123,
    "task10": 0.1085,
    "task2": 0.506,
    "task3": 0.5015,
    "task4": 0.701,
    "task5": 0.86,
    "task6": 0.1588,
    "task7": 0.1082,
    "task8": 0.0946,
    "task9": 0.1265
}
[INFO  15:05:31] Mean task accuracy: 0.6562
[INFO  15:05:44] Starting training of task 6
[INFO  15:05:57] epoch 0: train_acc: 0.3297 	 test_acc: 0.5100
[INFO  15:06:10] epoch 1: train_acc: 0.5883 	 test_acc: 0.6508
[INFO  15:06:23] epoch 2: train_acc: 0.6867 	 test_acc: 0.7208
[INFO  15:06:36] epoch 3: train_acc: 0.7381 	 test_acc: 0.7599
[INFO  15:06:49] epoch 4: train_acc: 0.7705 	 test_acc: 0.7879
[INFO  15:07:02] epoch 5: train_acc: 0.7925 	 test_acc: 0.8078
[INFO  15:07:15] epoch 6: train_acc: 0.8096 	 test_acc: 0.8225
[INFO  15:07:27] epoch 7: train_acc: 0.8219 	 test_acc: 0.8343
[INFO  15:07:40] epoch 8: train_acc: 0.8317 	 test_acc: 0.8421
[INFO  15:07:53] epoch 9: train_acc: 0.8403 	 test_acc: 0.8484
[INFO  15:08:14] Task accuracies: {
    "task1": 0.7451,
    "task10": 0.0937,
    "task2": 0.4414,
    "task3": 0.6331,
    "task4": 0.5611,
    "task5": 0.6407,
    "task6": 0.8484,
    "task7": 0.126,
    "task8": 0.0938,
    "task9": 0.1035
}
[INFO  15:08:14] Mean task accuracy: 0.6450
[INFO  15:08:25] Starting training of task 7
[INFO  15:08:37] epoch 0: train_acc: 0.3324 	 test_acc: 0.5354
[INFO  15:08:49] epoch 1: train_acc: 0.6076 	 test_acc: 0.6783
[INFO  15:09:01] epoch 2: train_acc: 0.6988 	 test_acc: 0.7352
[INFO  15:09:13] epoch 3: train_acc: 0.7445 	 test_acc: 0.7694
[INFO  15:09:24] epoch 4: train_acc: 0.7724 	 test_acc: 0.7910
[INFO  15:09:36] epoch 5: train_acc: 0.7927 	 test_acc: 0.8067
[INFO  15:09:48] epoch 6: train_acc: 0.8076 	 test_acc: 0.8209
[INFO  15:09:59] epoch 7: train_acc: 0.8186 	 test_acc: 0.8297
[INFO  15:10:11] epoch 8: train_acc: 0.8281 	 test_acc: 0.8365
[INFO  15:10:22] epoch 9: train_acc: 0.8354 	 test_acc: 0.8419
[INFO  15:10:40] Task accuracies: {
    "task1": 0.6734,
    "task10": 0.1071,
    "task2": 0.4843,
    "task3": 0.5495,
    "task4": 0.5633,
    "task5": 0.6352,
    "task6": 0.5883,
    "task7": 0.8419,
    "task8": 0.0944,
    "task9": 0.1123
}
[INFO  15:10:40] Mean task accuracy: 0.6194
[INFO  15:10:52] Starting training of task 8
[INFO  15:11:04] epoch 0: train_acc: 0.2913 	 test_acc: 0.4843
[INFO  15:11:15] epoch 1: train_acc: 0.5638 	 test_acc: 0.6355
[INFO  15:11:27] epoch 2: train_acc: 0.6724 	 test_acc: 0.7048
[INFO  15:11:39] epoch 3: train_acc: 0.7246 	 test_acc: 0.7458
[INFO  15:11:55] epoch 4: train_acc: 0.7557 	 test_acc: 0.7720
[INFO  15:12:16] epoch 5: train_acc: 0.7776 	 test_acc: 0.7913
[INFO  15:12:30] epoch 6: train_acc: 0.7939 	 test_acc: 0.8065
[INFO  15:12:45] epoch 7: train_acc: 0.8062 	 test_acc: 0.8190
[INFO  15:12:58] epoch 8: train_acc: 0.8165 	 test_acc: 0.8286
[INFO  15:13:11] epoch 9: train_acc: 0.8253 	 test_acc: 0.8343
[INFO  15:13:30] Task accuracies: {
    "task1": 0.7094,
    "task10": 0.1196,
    "task2": 0.6476,
    "task3": 0.6047,
    "task4": 0.5788,
    "task5": 0.5688,
    "task6": 0.6162,
    "task7": 0.6234,
    "task8": 0.8343,
    "task9": 0.115
}
[INFO  15:13:30] Mean task accuracy: 0.6479
[INFO  15:13:42] Starting training of task 9
[INFO  15:13:57] epoch 0: train_acc: 0.3022 	 test_acc: 0.4579
[INFO  15:14:10] epoch 1: train_acc: 0.5423 	 test_acc: 0.6226
[INFO  15:14:22] epoch 2: train_acc: 0.6556 	 test_acc: 0.6989
[INFO  15:14:37] epoch 3: train_acc: 0.7136 	 test_acc: 0.7431
[INFO  15:14:50] epoch 4: train_acc: 0.7480 	 test_acc: 0.7709
[INFO  15:15:05] epoch 5: train_acc: 0.7713 	 test_acc: 0.7896
[INFO  15:15:17] epoch 6: train_acc: 0.7886 	 test_acc: 0.8067
[INFO  15:15:32] epoch 7: train_acc: 0.8018 	 test_acc: 0.8178
[INFO  15:15:44] epoch 8: train_acc: 0.8129 	 test_acc: 0.8272
[INFO  15:15:58] epoch 9: train_acc: 0.8223 	 test_acc: 0.8358
[INFO  15:16:20] Task accuracies: {
    "task1": 0.7489,
    "task10": 0.1189,
    "task2": 0.6253,
    "task3": 0.5995,
    "task4": 0.6837,
    "task5": 0.5871,
    "task6": 0.5732,
    "task7": 0.5294,
    "task8": 0.6691,
    "task9": 0.8358
}
[INFO  15:16:20] Mean task accuracy: 0.6502
[INFO  15:16:34] Starting training of task 10
[INFO  15:16:48] epoch 0: train_acc: 0.2684 	 test_acc: 0.4152
[INFO  15:17:02] epoch 1: train_acc: 0.4946 	 test_acc: 0.5674
[INFO  15:17:18] epoch 2: train_acc: 0.6016 	 test_acc: 0.6431
[INFO  15:17:31] epoch 3: train_acc: 0.6616 	 test_acc: 0.6920
[INFO  15:17:44] epoch 4: train_acc: 0.7012 	 test_acc: 0.7246
[INFO  15:17:59] epoch 5: train_acc: 0.7313 	 test_acc: 0.7519
[INFO  15:18:14] epoch 6: train_acc: 0.7525 	 test_acc: 0.7704
[INFO  15:18:29] epoch 7: train_acc: 0.7702 	 test_acc: 0.7856
[INFO  15:18:43] epoch 8: train_acc: 0.7833 	 test_acc: 0.7988
[INFO  15:18:57] epoch 9: train_acc: 0.7957 	 test_acc: 0.8087
[INFO  15:19:17] Task accuracies: {
    "task1": 0.7245,
    "task10": 0.8087,
    "task2": 0.6297,
    "task3": 0.6357,
    "task4": 0.6653,
    "task5": 0.6135,
    "task6": 0.416,
    "task7": 0.5665,
    "task8": 0.5519,
    "task9": 0.6626
}
[INFO  15:19:17] Mean task accuracy: 0.6274
