[INFO  21:05:52] Start training with parametrization:
{
    "dataset": {
        "name": "perm_mnist",
        "kwargs": {
            "batch_size": 100,
            "num_tasks": 10
        }
    },
    "cl_method": "simple_replay",
    "criterion": "cross_entropy",
    "dimensions": [
        784,
        200,
        200,
        10
    ],
    "epochs": 5,
    "learning_rate": 0.001,
    "nonlinearity": "relu",
    "n_replay": 100,
    "optimizer": "sgd",
    "seed": null,
    "test_samples": 1,
    "vae_batch_size": 100,
    "vae_epochs": 10,
    "vae_lr": 0.001,
    "vae_n_gaussian": 100,
    "vae_n_hidden": 100,
    "mult_mlp": false,
    "log_dir": "",
    "task": "perm_mnist"
}
[INFO  21:05:52] Starting training of task 1
[INFO  21:06:05] epoch 0: train_acc: 0.3301 	 test_acc: 0.5305
[INFO  21:06:18] epoch 1: train_acc: 0.6159 	 test_acc: 0.6780
[INFO  21:06:31] epoch 2: train_acc: 0.7193 	 test_acc: 0.7733
[INFO  21:06:44] epoch 3: train_acc: 0.7955 	 test_acc: 0.8218
[INFO  21:06:58] epoch 4: train_acc: 0.8324 	 test_acc: 0.8497
[INFO  21:07:20] Task accuracies: {
    "task1": 0.8497,
    "task10": 0.1545,
    "task2": 0.1394,
    "task3": 0.1627,
    "task4": 0.1825,
    "task5": 0.0995,
    "task6": 0.1358,
    "task7": 0.12,
    "task8": 0.1516,
    "task9": 0.1558
}
[INFO  21:07:20] Mean task accuracy: 0.8497
[INFO  21:07:20] Update replay buffer for simple replay.
[INFO  21:07:20] size of replay buffer: 100
[INFO  21:07:20] Starting training of task 2
[INFO  21:07:44] epoch 0: train_acc: 0.3700 	 test_acc: 0.5791
[INFO  21:08:08] epoch 1: train_acc: 0.6473 	 test_acc: 0.7139
[INFO  21:08:32] epoch 2: train_acc: 0.7375 	 test_acc: 0.7793
[INFO  21:08:55] epoch 3: train_acc: 0.7942 	 test_acc: 0.8225
[INFO  21:09:19] epoch 4: train_acc: 0.8250 	 test_acc: 0.8437
[INFO  21:09:41] Task accuracies: {
    "task1": 0.844,
    "task10": 0.1052,
    "task2": 0.8437,
    "task3": 0.1563,
    "task4": 0.1304,
    "task5": 0.1006,
    "task6": 0.1531,
    "task7": 0.1262,
    "task8": 0.1318,
    "task9": 0.108
}
[INFO  21:09:41] Mean task accuracy: 0.8439
[INFO  21:09:41] Update replay buffer for simple replay.
[INFO  21:09:41] size of replay buffer: 200
[INFO  21:09:41] Starting training of task 3
[INFO  21:10:05] epoch 0: train_acc: 0.4584 	 test_acc: 0.6515
[INFO  21:10:29] epoch 1: train_acc: 0.7207 	 test_acc: 0.7684
[INFO  21:10:53] epoch 2: train_acc: 0.7923 	 test_acc: 0.8117
[INFO  21:11:17] epoch 3: train_acc: 0.8248 	 test_acc: 0.8347
[INFO  21:11:41] epoch 4: train_acc: 0.8429 	 test_acc: 0.8516
[INFO  21:12:03] Task accuracies: {
    "task1": 0.8446,
    "task10": 0.1163,
    "task2": 0.8252,
    "task3": 0.8516,
    "task4": 0.1501,
    "task5": 0.122,
    "task6": 0.1695,
    "task7": 0.1439,
    "task8": 0.1444,
    "task9": 0.0863
}
[INFO  21:12:03] Mean task accuracy: 0.8405
[INFO  21:12:03] Update replay buffer for simple replay.
[INFO  21:12:03] size of replay buffer: 300
[INFO  21:12:03] Starting training of task 4
[INFO  21:12:27] epoch 0: train_acc: 0.5250 	 test_acc: 0.7240
[INFO  21:12:51] epoch 1: train_acc: 0.7603 	 test_acc: 0.8010
[INFO  21:13:15] epoch 2: train_acc: 0.8135 	 test_acc: 0.8360
[INFO  21:13:39] epoch 3: train_acc: 0.8386 	 test_acc: 0.8547
[INFO  21:14:03] epoch 4: train_acc: 0.8535 	 test_acc: 0.8659
[INFO  21:14:26] Task accuracies: {
    "task1": 0.839,
    "task10": 0.1404,
    "task2": 0.8155,
    "task3": 0.8508,
    "task4": 0.8659,
    "task5": 0.1338,
    "task6": 0.1617,
    "task7": 0.155,
    "task8": 0.1649,
    "task9": 0.0764
}
[INFO  21:14:26] Mean task accuracy: 0.8428
[INFO  21:14:26] Update replay buffer for simple replay.
[INFO  21:14:26] size of replay buffer: 400
[INFO  21:14:27] Starting training of task 5
[INFO  21:14:51] epoch 0: train_acc: 0.5399 	 test_acc: 0.7287
[INFO  21:15:15] epoch 1: train_acc: 0.7734 	 test_acc: 0.8119
[INFO  21:15:40] epoch 2: train_acc: 0.8258 	 test_acc: 0.8413
[INFO  21:16:04] epoch 3: train_acc: 0.8474 	 test_acc: 0.8584
[INFO  21:16:28] epoch 4: train_acc: 0.8604 	 test_acc: 0.8692
[INFO  21:16:50] Task accuracies: {
    "task1": 0.8358,
    "task10": 0.1281,
    "task2": 0.8049,
    "task3": 0.8444,
    "task4": 0.8441,
    "task5": 0.8692,
    "task6": 0.1373,
    "task7": 0.147,
    "task8": 0.1766,
    "task9": 0.0766
}
[INFO  21:16:50] Mean task accuracy: 0.8397
[INFO  21:16:50] Update replay buffer for simple replay.
[INFO  21:16:50] size of replay buffer: 500
[INFO  21:16:50] Starting training of task 6
[INFO  21:17:15] epoch 0: train_acc: 0.5471 	 test_acc: 0.7403
[INFO  21:17:39] epoch 1: train_acc: 0.7795 	 test_acc: 0.8200
[INFO  21:18:02] epoch 2: train_acc: 0.8298 	 test_acc: 0.8504
[INFO  21:18:26] epoch 3: train_acc: 0.8525 	 test_acc: 0.8660
[INFO  21:18:50] epoch 4: train_acc: 0.8651 	 test_acc: 0.8767
[INFO  21:19:12] Task accuracies: {
    "task1": 0.8376,
    "task10": 0.1151,
    "task2": 0.7981,
    "task3": 0.8362,
    "task4": 0.8337,
    "task5": 0.8553,
    "task6": 0.8767,
    "task7": 0.1653,
    "task8": 0.1626,
    "task9": 0.0716
}
[INFO  21:19:12] Mean task accuracy: 0.8396
[INFO  21:19:12] Update replay buffer for simple replay.
[INFO  21:19:12] size of replay buffer: 600
[INFO  21:19:13] Starting training of task 7
[INFO  21:19:37] epoch 0: train_acc: 0.5409 	 test_acc: 0.7285
[INFO  21:20:01] epoch 1: train_acc: 0.7742 	 test_acc: 0.8133
[INFO  21:20:25] epoch 2: train_acc: 0.8257 	 test_acc: 0.8434
[INFO  21:20:48] epoch 3: train_acc: 0.8485 	 test_acc: 0.8634
[INFO  21:21:12] epoch 4: train_acc: 0.8615 	 test_acc: 0.8717
[INFO  21:21:34] Task accuracies: {
    "task1": 0.8332,
    "task10": 0.1349,
    "task2": 0.7863,
    "task3": 0.8296,
    "task4": 0.8236,
    "task5": 0.8507,
    "task6": 0.8549,
    "task7": 0.8717,
    "task8": 0.1593,
    "task9": 0.074
}
[INFO  21:21:34] Mean task accuracy: 0.8357
[INFO  21:21:34] Update replay buffer for simple replay.
[INFO  21:21:34] size of replay buffer: 700
[INFO  21:21:36] Starting training of task 8
[INFO  21:22:00] epoch 0: train_acc: 0.5758 	 test_acc: 0.7625
[INFO  21:22:24] epoch 1: train_acc: 0.7984 	 test_acc: 0.8305
[INFO  21:22:47] epoch 2: train_acc: 0.8415 	 test_acc: 0.8550
[INFO  21:23:11] epoch 3: train_acc: 0.8614 	 test_acc: 0.8697
[INFO  21:23:35] epoch 4: train_acc: 0.8732 	 test_acc: 0.8792
[INFO  21:23:56] Task accuracies: {
    "task1": 0.8216,
    "task10": 0.1147,
    "task2": 0.7793,
    "task3": 0.8272,
    "task4": 0.8195,
    "task5": 0.8448,
    "task6": 0.8468,
    "task7": 0.8583,
    "task8": 0.8792,
    "task9": 0.0725
}
[INFO  21:23:56] Mean task accuracy: 0.8346
[INFO  21:23:56] Update replay buffer for simple replay.
[INFO  21:23:56] size of replay buffer: 800
[INFO  21:23:59] Starting training of task 9
[INFO  21:24:23] epoch 0: train_acc: 0.5209 	 test_acc: 0.7431
[INFO  21:24:47] epoch 1: train_acc: 0.7859 	 test_acc: 0.8265
[INFO  21:25:11] epoch 2: train_acc: 0.8346 	 test_acc: 0.8537
[INFO  21:25:34] epoch 3: train_acc: 0.8574 	 test_acc: 0.8670
[INFO  21:25:58] epoch 4: train_acc: 0.8702 	 test_acc: 0.8776
[INFO  21:26:20] Task accuracies: {
    "task1": 0.8211,
    "task10": 0.1208,
    "task2": 0.7706,
    "task3": 0.8192,
    "task4": 0.8129,
    "task5": 0.8414,
    "task6": 0.8401,
    "task7": 0.8475,
    "task8": 0.8667,
    "task9": 0.8776
}
[INFO  21:26:20] Mean task accuracy: 0.8330
[INFO  21:26:20] Update replay buffer for simple replay.
[INFO  21:26:20] size of replay buffer: 900
[INFO  21:26:23] Starting training of task 10
[INFO  21:26:47] epoch 0: train_acc: 0.5323 	 test_acc: 0.7306
[INFO  21:27:11] epoch 1: train_acc: 0.7747 	 test_acc: 0.8187
[INFO  21:27:35] epoch 2: train_acc: 0.8296 	 test_acc: 0.8485
[INFO  21:27:59] epoch 3: train_acc: 0.8541 	 test_acc: 0.8671
[INFO  21:28:23] epoch 4: train_acc: 0.8682 	 test_acc: 0.8799
[INFO  21:28:44] Task accuracies: {
    "task1": 0.8174,
    "task10": 0.8799,
    "task2": 0.7762,
    "task3": 0.8123,
    "task4": 0.8011,
    "task5": 0.8369,
    "task6": 0.8331,
    "task7": 0.8439,
    "task8": 0.8596,
    "task9": 0.8567
}
[INFO  21:28:44] Mean task accuracy: 0.8317
[INFO  21:28:44] Update replay buffer for simple replay.
[INFO  21:28:44] size of replay buffer: 1000
