[INFO  12:03:07] Start training with parametrization:
{
    "dataset": {
        "name": "split_mnist",
        "kwargs": {
            "batch_size": 100,
            "shuffle_tasks": false
        }
    },
    "criterion": "BCE",
    "cl_method": "generative_replay_mult_vae",
    "dimensions": [
        784,
        40,
        40,
        2
    ],
    "epochs": 20,
    "learning_rate": 0.001,
    "nonlinearity": "relu",
    "n_replay": 200,
    "optimizer": "sgd",
    "seed": null,
    "test_samples": 1,
    "vae_batch_size": 100,
    "vae_epochs": 10,
    "vae_lr": 0.001,
    "vae_n_gaussian": 100,
    "vae_n_hidden": 100,
    "log_dir": "",
    "task": "split_mnist"
}
[INFO  12:03:07] Starting training of task 1
[INFO  12:03:09] epoch 0: train_acc: 0.5303 	 test_acc: 0.5371
[INFO  12:03:12] epoch 1: train_acc: 0.6598 	 test_acc: 0.8799
[INFO  12:03:15] epoch 2: train_acc: 0.9459 	 test_acc: 0.9929
[INFO  12:03:17] epoch 3: train_acc: 0.9865 	 test_acc: 0.9957
[INFO  12:03:19] epoch 4: train_acc: 0.9898 	 test_acc: 0.9957
[INFO  12:03:22] epoch 5: train_acc: 0.9902 	 test_acc: 0.9957
[INFO  12:03:24] epoch 6: train_acc: 0.9907 	 test_acc: 0.9962
[INFO  12:03:27] epoch 7: train_acc: 0.9908 	 test_acc: 0.9962
[INFO  12:03:29] epoch 8: train_acc: 0.9910 	 test_acc: 0.9972
[INFO  12:03:31] epoch 9: train_acc: 0.9912 	 test_acc: 0.9976
[INFO  12:03:34] epoch 10: train_acc: 0.9912 	 test_acc: 0.9976
[INFO  12:03:36] epoch 11: train_acc: 0.9913 	 test_acc: 0.9976
[INFO  12:03:39] epoch 12: train_acc: 0.9914 	 test_acc: 0.9976
[INFO  12:03:41] epoch 13: train_acc: 0.9916 	 test_acc: 0.9976
[INFO  12:03:44] epoch 14: train_acc: 0.9917 	 test_acc: 0.9976
[INFO  12:03:46] epoch 15: train_acc: 0.9919 	 test_acc: 0.9976
[INFO  12:03:48] epoch 16: train_acc: 0.9919 	 test_acc: 0.9976
[INFO  12:03:51] epoch 17: train_acc: 0.9921 	 test_acc: 0.9976
[INFO  12:03:53] epoch 18: train_acc: 0.9921 	 test_acc: 0.9976
[INFO  12:03:56] epoch 19: train_acc: 0.9921 	 test_acc: 0.9976
[INFO  12:03:57] Task accuracies: {
    "task1": 0.9976359338061466,
    "task2": 0.4495592556317336,
    "task3": 0.41728922091782283,
    "task4": 0.6576032225579054,
    "task5": 0.45436207766011094
}
[INFO  12:03:57] Mean task accuracy: 0.9976
[INFO  12:04:00] Starting training of task 2
[INFO  12:04:03] epoch 0: train_acc: 0.5948 	 test_acc: 0.6812
[INFO  12:04:06] epoch 1: train_acc: 0.7534 	 test_acc: 0.7894
[INFO  12:04:08] epoch 2: train_acc: 0.8217 	 test_acc: 0.8384
[INFO  12:04:11] epoch 3: train_acc: 0.8582 	 test_acc: 0.8668
[INFO  12:04:13] epoch 4: train_acc: 0.8805 	 test_acc: 0.8879
[INFO  12:04:16] epoch 5: train_acc: 0.8949 	 test_acc: 0.9045
[INFO  12:04:18] epoch 6: train_acc: 0.9039 	 test_acc: 0.9128
[INFO  12:04:21] epoch 7: train_acc: 0.9117 	 test_acc: 0.9187
[INFO  12:04:23] epoch 8: train_acc: 0.9177 	 test_acc: 0.9256
[INFO  12:04:26] epoch 9: train_acc: 0.9209 	 test_acc: 0.9319
[INFO  12:04:28] epoch 10: train_acc: 0.9252 	 test_acc: 0.9354
[INFO  12:04:31] epoch 11: train_acc: 0.9285 	 test_acc: 0.9373
[INFO  12:04:33] epoch 12: train_acc: 0.9316 	 test_acc: 0.9383
[INFO  12:04:36] epoch 13: train_acc: 0.9335 	 test_acc: 0.9403
[INFO  12:04:39] epoch 14: train_acc: 0.9363 	 test_acc: 0.9427
[INFO  12:04:41] epoch 15: train_acc: 0.9379 	 test_acc: 0.9461
[INFO  12:04:44] epoch 16: train_acc: 0.9393 	 test_acc: 0.9476
[INFO  12:04:46] epoch 17: train_acc: 0.9399 	 test_acc: 0.9500
[INFO  12:04:49] epoch 18: train_acc: 0.9414 	 test_acc: 0.9505
[INFO  12:04:51] epoch 19: train_acc: 0.9424 	 test_acc: 0.9510
[INFO  12:04:53] Task accuracies: {
    "task1": 0.9773049645390071,
    "task2": 0.951028403525955,
    "task3": 0.6632870864461046,
    "task4": 0.8272910372608258,
    "task5": 0.5143721633888049
}
[INFO  12:04:53] Mean task accuracy: 0.9642
[INFO  12:04:56] Starting training of task 3
[INFO  12:04:58] epoch 0: train_acc: 0.6896 	 test_acc: 0.7252
[INFO  12:05:01] epoch 1: train_acc: 0.7421 	 test_acc: 0.7663
[INFO  12:05:03] epoch 2: train_acc: 0.7802 	 test_acc: 0.8036
[INFO  12:05:06] epoch 3: train_acc: 0.8097 	 test_acc: 0.8308
[INFO  12:05:08] epoch 4: train_acc: 0.8318 	 test_acc: 0.8527
[INFO  12:05:10] epoch 5: train_acc: 0.8523 	 test_acc: 0.8719
[INFO  12:05:12] epoch 6: train_acc: 0.8667 	 test_acc: 0.8853
[INFO  12:05:15] epoch 7: train_acc: 0.8793 	 test_acc: 0.8943
[INFO  12:05:17] epoch 8: train_acc: 0.8893 	 test_acc: 0.9061
[INFO  12:05:19] epoch 9: train_acc: 0.8998 	 test_acc: 0.9157
[INFO  12:05:21] epoch 10: train_acc: 0.9077 	 test_acc: 0.9232
[INFO  12:05:24] epoch 11: train_acc: 0.9139 	 test_acc: 0.9269
[INFO  12:05:26] epoch 12: train_acc: 0.9204 	 test_acc: 0.9296
[INFO  12:05:28] epoch 13: train_acc: 0.9252 	 test_acc: 0.9365
[INFO  12:05:31] epoch 14: train_acc: 0.9305 	 test_acc: 0.9386
[INFO  12:05:33] epoch 15: train_acc: 0.9344 	 test_acc: 0.9418
[INFO  12:05:35] epoch 16: train_acc: 0.9386 	 test_acc: 0.9450
[INFO  12:05:37] epoch 17: train_acc: 0.9405 	 test_acc: 0.9472
[INFO  12:05:40] epoch 18: train_acc: 0.9424 	 test_acc: 0.9504
[INFO  12:05:42] epoch 19: train_acc: 0.9450 	 test_acc: 0.9520
[INFO  12:05:44] Task accuracies: {
    "task1": 0.735224586288416,
    "task2": 0.8976493633692458,
    "task3": 0.951974386339381,
    "task4": 0.5020140986908358,
    "task5": 0.32526475037821484
}
[INFO  12:05:44] Mean task accuracy: 0.8616
[INFO  12:05:47] Starting training of task 4
[INFO  12:05:50] epoch 0: train_acc: 0.7024 	 test_acc: 0.8414
[INFO  12:05:52] epoch 1: train_acc: 0.8567 	 test_acc: 0.8963
[INFO  12:05:55] epoch 2: train_acc: 0.8962 	 test_acc: 0.9129
[INFO  12:05:57] epoch 3: train_acc: 0.9185 	 test_acc: 0.9320
[INFO  12:06:00] epoch 4: train_acc: 0.9333 	 test_acc: 0.9446
[INFO  12:06:03] epoch 5: train_acc: 0.9431 	 test_acc: 0.9496
[INFO  12:06:05] epoch 6: train_acc: 0.9515 	 test_acc: 0.9557
[INFO  12:06:07] epoch 7: train_acc: 0.9578 	 test_acc: 0.9587
[INFO  12:06:10] epoch 8: train_acc: 0.9627 	 test_acc: 0.9627
[INFO  12:06:12] epoch 9: train_acc: 0.9654 	 test_acc: 0.9663
[INFO  12:06:15] epoch 10: train_acc: 0.9690 	 test_acc: 0.9698
[INFO  12:06:17] epoch 11: train_acc: 0.9709 	 test_acc: 0.9723
[INFO  12:06:20] epoch 12: train_acc: 0.9733 	 test_acc: 0.9733
[INFO  12:06:23] epoch 13: train_acc: 0.9752 	 test_acc: 0.9738
[INFO  12:06:25] epoch 14: train_acc: 0.9767 	 test_acc: 0.9758
[INFO  12:06:27] epoch 15: train_acc: 0.9778 	 test_acc: 0.9763
[INFO  12:06:30] epoch 16: train_acc: 0.9787 	 test_acc: 0.9768
[INFO  12:06:33] epoch 17: train_acc: 0.9792 	 test_acc: 0.9778
[INFO  12:06:35] epoch 18: train_acc: 0.9801 	 test_acc: 0.9789
[INFO  12:06:37] epoch 19: train_acc: 0.9804 	 test_acc: 0.9804
[INFO  12:06:39] Task accuracies: {
    "task1": 0.8453900709219858,
    "task2": 0.861900097943193,
    "task3": 0.7870864461045891,
    "task4": 0.9803625377643505,
    "task5": 0.6227937468482098
}
[INFO  12:06:39] Mean task accuracy: 0.8687
[INFO  12:06:43] Starting training of task 5
[INFO  12:06:45] epoch 0: train_acc: 0.6983 	 test_acc: 0.7494
[INFO  12:06:48] epoch 1: train_acc: 0.7832 	 test_acc: 0.8084
[INFO  12:06:50] epoch 2: train_acc: 0.8295 	 test_acc: 0.8477
[INFO  12:06:53] epoch 3: train_acc: 0.8564 	 test_acc: 0.8759
[INFO  12:06:55] epoch 4: train_acc: 0.8756 	 test_acc: 0.8865
[INFO  12:06:57] epoch 5: train_acc: 0.8904 	 test_acc: 0.8991
[INFO  12:07:00] epoch 6: train_acc: 0.8998 	 test_acc: 0.9047
[INFO  12:07:02] epoch 7: train_acc: 0.9091 	 test_acc: 0.9097
[INFO  12:07:05] epoch 8: train_acc: 0.9163 	 test_acc: 0.9163
[INFO  12:07:07] epoch 9: train_acc: 0.9222 	 test_acc: 0.9213
[INFO  12:07:09] epoch 10: train_acc: 0.9260 	 test_acc: 0.9269
[INFO  12:07:12] epoch 11: train_acc: 0.9300 	 test_acc: 0.9279
[INFO  12:07:14] epoch 12: train_acc: 0.9333 	 test_acc: 0.9344
[INFO  12:07:16] epoch 13: train_acc: 0.9358 	 test_acc: 0.9365
[INFO  12:07:19] epoch 14: train_acc: 0.9386 	 test_acc: 0.9380
[INFO  12:07:21] epoch 15: train_acc: 0.9399 	 test_acc: 0.9410
[INFO  12:07:24] epoch 16: train_acc: 0.9422 	 test_acc: 0.9420
[INFO  12:07:26] epoch 17: train_acc: 0.9432 	 test_acc: 0.9440
[INFO  12:07:28] epoch 18: train_acc: 0.9447 	 test_acc: 0.9450
[INFO  12:07:31] epoch 19: train_acc: 0.9457 	 test_acc: 0.9450
[INFO  12:07:33] Task accuracies: {
    "task1": 0.5839243498817966,
    "task2": 0.6312438785504407,
    "task3": 0.3607257203842049,
    "task4": 0.9647532729103726,
    "task5": 0.9450327786182552
}
[INFO  12:07:33] Mean task accuracy: 0.6971
